{"numTotalTestSuites":36,"numPassedTestSuites":33,"numFailedTestSuites":3,"numPendingTestSuites":0,"numTotalTests":338,"numPassedTests":312,"numFailedTests":1,"numPendingTests":25,"numTodoTests":0,"snapshot":{"added":0,"failure":false,"filesAdded":0,"filesRemoved":0,"filesRemovedList":[],"filesUnmatched":0,"filesUpdated":0,"matched":0,"total":0,"unchecked":0,"uncheckedKeysByFile":[],"unmatched":0,"updated":0,"didUpdate":false},"startTime":1751857035550,"success":false,"testResults":[{"assertionResults":[{"ancestorTitles":["BigIntPrimitive","constructor"],"fullName":"BigIntPrimitive constructor should correctly initialize from a positive integer string","status":"passed","title":"should correctly initialize from a positive integer string","duration":5.699999999720603,"failureMessages":[],"meta":{}},{"ancestorTitles":["BigIntPrimitive","constructor"],"fullName":"BigIntPrimitive constructor should correctly initialize from a negative integer string","status":"passed","title":"should correctly initialize from a negative integer string","duration":0.5,"failureMessages":[],"meta":{}},{"ancestorTitles":["BigIntPrimitive","constructor"],"fullName":"BigIntPrimitive constructor should correctly initialize from \"0\"","status":"passed","title":"should correctly initialize from \"0\"","duration":0.5,"failureMessages":[],"meta":{}},{"ancestorTitles":["BigIntPrimitive","add() - public method with sign logic and CPU path"],"fullName":"BigIntPrimitive add() - public method with sign logic and CPU path should add 123 and 45 to get 168 (simple addition) using CPU path","status":"passed","title":"should add 123 and 45 to get 168 (simple addition) using CPU path","duration":2.5,"failureMessages":[],"meta":{}},{"ancestorTitles":["BigIntPrimitive","add() - public method with sign logic and CPU path"],"fullName":"BigIntPrimitive add() - public method with sign logic and CPU path should add 12345 and 67890 to get 80235 (simple addition larger numbers) using CPU path","status":"passed","title":"should add 12345 and 67890 to get 80235 (simple addition larger numbers) using CPU path","duration":1.8000000002793968,"failureMessages":[],"meta":{}},{"ancestorTitles":["BigIntPrimitive","add() - public method with sign logic and CPU path"],"fullName":"BigIntPrimitive add() - public method with sign logic and CPU path should add 99 and 1 to get 100 (carry to next limb (BASE 10000 implies smaller carries)) using CPU path","status":"passed","title":"should add 99 and 1 to get 100 (carry to next limb (BASE 10000 implies smaller carries)) using CPU path","duration":2.099999999627471,"failureMessages":[],"meta":{}},{"ancestorTitles":["BigIntPrimitive","add() - public method with sign logic and CPU path"],"fullName":"BigIntPrimitive add() - public method with sign logic and CPU path should add 9999 and 1 to get 10000 (carry to new limb (9999 + 1 = 10000)) using CPU path","status":"passed","title":"should add 9999 and 1 to get 10000 (carry to new limb (9999 + 1 = 10000)) using CPU path","duration":1.400000000372529,"failureMessages":[],"meta":{}},{"ancestorTitles":["BigIntPrimitive","add() - public method with sign logic and CPU path"],"fullName":"BigIntPrimitive add() - public method with sign logic and CPU path should add 1 and 9999 to get 10000 (carry to new limb (1 + 9999 = 10000)) using CPU path","status":"passed","title":"should add 1 and 9999 to get 10000 (carry to new limb (1 + 9999 = 10000)) using CPU path","duration":0.599999999627471,"failureMessages":[],"meta":{}},{"ancestorTitles":["BigIntPrimitive","add() - public method with sign logic and CPU path"],"fullName":"BigIntPrimitive add() - public method with sign logic and CPU path should add 8765 and 1235 to get 10000 (8765 + 1235 = 10000) using CPU path","status":"passed","title":"should add 8765 and 1235 to get 10000 (8765 + 1235 = 10000) using CPU path","duration":0.8000000002793968,"failureMessages":[],"meta":{}},{"ancestorTitles":["BigIntPrimitive","add() - public method with sign logic and CPU path"],"fullName":"BigIntPrimitive add() - public method with sign logic and CPU path should add 123 and 0 to get 123 (a + 0) using CPU path","status":"passed","title":"should add 123 and 0 to get 123 (a + 0) using CPU path","duration":1.1999999997206032,"failureMessages":[],"meta":{}},{"ancestorTitles":["BigIntPrimitive","add() - public method with sign logic and CPU path"],"fullName":"BigIntPrimitive add() - public method with sign logic and CPU path should add 0 and 123 to get 123 (0 + a) using CPU path","status":"passed","title":"should add 0 and 123 to get 123 (0 + a) using CPU path","duration":5.7000000001862645,"failureMessages":[],"meta":{}},{"ancestorTitles":["BigIntPrimitive","add() - public method with sign logic and CPU path"],"fullName":"BigIntPrimitive add() - public method with sign logic and CPU path should add 0 and 0 to get 0 (0 + 0) using CPU path","status":"passed","title":"should add 0 and 0 to get 0 (0 + 0) using CPU path","duration":3.2000000001862645,"failureMessages":[],"meta":{}},{"ancestorTitles":["BigIntPrimitive","add() - public method with sign logic and CPU path"],"fullName":"BigIntPrimitive add() - public method with sign logic and CPU path should add -123 and -45 to get -168 (negative + negative) using CPU path","status":"passed","title":"should add -123 and -45 to get -168 (negative + negative) using CPU path","duration":0.8000000002793968,"failureMessages":[],"meta":{}},{"ancestorTitles":["BigIntPrimitive","add() - public method with sign logic and CPU path"],"fullName":"BigIntPrimitive add() - public method with sign logic and CPU path should add -99 and -1 to get -100 (negative + negative with carry) using CPU path","status":"passed","title":"should add -99 and -1 to get -100 (negative + negative with carry) using CPU path","duration":1,"failureMessages":[],"meta":{}},{"ancestorTitles":["BigIntPrimitive","add() - public method with sign logic and CPU path"],"fullName":"BigIntPrimitive add() - public method with sign logic and CPU path should add 123 and -45 to get 78 (positive + negative (result positive)) using CPU path","status":"passed","title":"should add 123 and -45 to get 78 (positive + negative (result positive)) using CPU path","duration":1.3999999999068677,"failureMessages":[],"meta":{}},{"ancestorTitles":["BigIntPrimitive","add() - public method with sign logic and CPU path"],"fullName":"BigIntPrimitive add() - public method with sign logic and CPU path should add 45 and -123 to get -78 (positive + negative (result negative)) using CPU path","status":"passed","title":"should add 45 and -123 to get -78 (positive + negative (result negative)) using CPU path","duration":0.6000000000931323,"failureMessages":[],"meta":{}},{"ancestorTitles":["BigIntPrimitive","add() - public method with sign logic and CPU path"],"fullName":"BigIntPrimitive add() - public method with sign logic and CPU path should add 123 and -123 to get 0 (positive + negative (result zero)) using CPU path","status":"passed","title":"should add 123 and -123 to get 0 (positive + negative (result zero)) using CPU path","duration":0.5,"failureMessages":[],"meta":{}},{"ancestorTitles":["BigIntPrimitive","add() - public method with sign logic and CPU path"],"fullName":"BigIntPrimitive add() - public method with sign logic and CPU path should add -123 and 45 to get -78 (negative + positive (result negative)) using CPU path","status":"passed","title":"should add -123 and 45 to get -78 (negative + positive (result negative)) using CPU path","duration":0.2999999998137355,"failureMessages":[],"meta":{}},{"ancestorTitles":["BigIntPrimitive","add() - public method with sign logic and CPU path"],"fullName":"BigIntPrimitive add() - public method with sign logic and CPU path should add -45 and 123 to get 78 (negative + positive (result positive)) using CPU path","status":"passed","title":"should add -45 and 123 to get 78 (negative + positive (result positive)) using CPU path","duration":0.39999999990686774,"failureMessages":[],"meta":{}},{"ancestorTitles":["BigIntPrimitive","add() - public method with sign logic and CPU path"],"fullName":"BigIntPrimitive add() - public method with sign logic and CPU path should add -123 and 123 to get 0 (negative + positive (result zero)) using CPU path","status":"passed","title":"should add -123 and 123 to get 0 (negative + positive (result zero)) using CPU path","duration":1.1000000000931323,"failureMessages":[],"meta":{}},{"ancestorTitles":["BigIntPrimitive","add() - public method with sign logic and CPU path"],"fullName":"BigIntPrimitive add() - public method with sign logic and CPU path should add 1.23 and 0.0045 to get 1.2345 (1.23 + 0.0045) using CPU path","status":"passed","title":"should add 1.23 and 0.0045 to get 1.2345 (1.23 + 0.0045) using CPU path","duration":0.6000000000931323,"failureMessages":[],"meta":{}},{"ancestorTitles":["BigIntPrimitive","add() - public method with sign logic and CPU path"],"fullName":"BigIntPrimitive add() - public method with sign logic and CPU path should add 123e2 and 45e-1 to get 12304.5 (12300 + 4.5) using CPU path","status":"passed","title":"should add 123e2 and 45e-1 to get 12304.5 (12300 + 4.5) using CPU path","duration":0.6000000000931323,"failureMessages":[],"meta":{}},{"ancestorTitles":["BigIntPrimitive","add() - public method with sign logic and CPU path"],"fullName":"BigIntPrimitive add() - public method with sign logic and CPU path should add 1.2345 and 2 to get 3.2345 (1.2345 + 2) using CPU path","status":"passed","title":"should add 1.2345 and 2 to get 3.2345 (1.2345 + 2) using CPU path","duration":0.2999999998137355,"failureMessages":[],"meta":{}},{"ancestorTitles":["BigIntPrimitive","add() - public method with sign logic and CPU path"],"fullName":"BigIntPrimitive add() - public method with sign logic and CPU path should add 200 and 0.05 to get 200.05 (200 + 0.05) using CPU path","status":"passed","title":"should add 200 and 0.05 to get 200.05 (200 + 0.05) using CPU path","duration":0.39999999990686774,"failureMessages":[],"meta":{}},{"ancestorTitles":["BigIntPrimitive","add() - public method with sign logic and CPU path"],"fullName":"BigIntPrimitive add() - public method with sign logic and CPU path should add -1.23 and -0.0045 to get -1.2345 (-1.23 + -0.0045) using CPU path","status":"passed","title":"should add -1.23 and -0.0045 to get -1.2345 (-1.23 + -0.0045) using CPU path","duration":0.5,"failureMessages":[],"meta":{}},{"ancestorTitles":["BigIntPrimitive","add() - public method with sign logic and CPU path"],"fullName":"BigIntPrimitive add() - public method with sign logic and CPU path should add 1.23 and -0.0045 to get 1.2255 (1.23 + -0.0045) using CPU path","status":"passed","title":"should add 1.23 and -0.0045 to get 1.2255 (1.23 + -0.0045) using CPU path","duration":1.5,"failureMessages":[],"meta":{}},{"ancestorTitles":["BigIntPrimitive","add() - public method with sign logic and CPU path"],"fullName":"BigIntPrimitive add() - public method with sign logic and CPU path should add -1.23 and 0.0045 to get -1.2255 (-1.23 + 0.0045) using CPU path","status":"passed","title":"should add -1.23 and 0.0045 to get -1.2255 (-1.23 + 0.0045) using CPU path","duration":0.900000000372529,"failureMessages":[],"meta":{}},{"ancestorTitles":["BigIntPrimitive","add() - public method with sign logic and CPU path"],"fullName":"BigIntPrimitive add() - public method with sign logic and CPU path should add 10000 and 0.0001 to get 10000.0001 (large num + small fraction) using CPU path","status":"passed","title":"should add 10000 and 0.0001 to get 10000.0001 (large num + small fraction) using CPU path","duration":0.40000000037252903,"failureMessages":[],"meta":{}},{"ancestorTitles":["BigIntPrimitive","add() - public method with sign logic and CPU path"],"fullName":"BigIntPrimitive add() - public method with sign logic and CPU path should add 0.0001 and 10000 to get 10000.0001 (small fraction + large num) using CPU path","status":"passed","title":"should add 0.0001 and 10000 to get 10000.0001 (small fraction + large num) using CPU path","duration":0.2999999998137355,"failureMessages":[],"meta":{}},{"ancestorTitles":["BigIntPrimitive","subtract() - public method with sign logic and CPU path"],"fullName":"BigIntPrimitive subtract() - public method with sign logic and CPU path should subtract 45 from 123 to get 78 (a > b (123 - 45 = 78)) using CPU path","status":"passed","title":"should subtract 45 from 123 to get 78 (a > b (123 - 45 = 78)) using CPU path","duration":1.599999999627471,"failureMessages":[],"meta":{}},{"ancestorTitles":["BigIntPrimitive","subtract() - public method with sign logic and CPU path"],"fullName":"BigIntPrimitive subtract() - public method with sign logic and CPU path should subtract 123 from 45 to get -78 (a < b (45 - 123 = -78)) using CPU path","status":"passed","title":"should subtract 123 from 45 to get -78 (a < b (45 - 123 = -78)) using CPU path","duration":1.1000000000931323,"failureMessages":[],"meta":{}},{"ancestorTitles":["BigIntPrimitive","subtract() - public method with sign logic and CPU path"],"fullName":"BigIntPrimitive subtract() - public method with sign logic and CPU path should subtract 123 from 123 to get 0 (a = b (123 - 123 = 0)) using CPU path","status":"passed","title":"should subtract 123 from 123 to get 0 (a = b (123 - 123 = 0)) using CPU path","duration":1.7999999998137355,"failureMessages":[],"meta":{}},{"ancestorTitles":["BigIntPrimitive","subtract() - public method with sign logic and CPU path"],"fullName":"BigIntPrimitive subtract() - public method with sign logic and CPU path should subtract 1 from 100 to get 99 (borrow (100 - 1 = 99)) using CPU path","status":"passed","title":"should subtract 1 from 100 to get 99 (borrow (100 - 1 = 99)) using CPU path","duration":0.40000000037252903,"failureMessages":[],"meta":{}},{"ancestorTitles":["BigIntPrimitive","subtract() - public method with sign logic and CPU path"],"fullName":"BigIntPrimitive subtract() - public method with sign logic and CPU path should subtract 1 from 10000 to get 9999 (borrow across limbs (10000 - 1 = 9999)) using CPU path","status":"passed","title":"should subtract 1 from 10000 to get 9999 (borrow across limbs (10000 - 1 = 9999)) using CPU path","duration":1.1999999997206032,"failureMessages":[],"meta":{}},{"ancestorTitles":["BigIntPrimitive","subtract() - public method with sign logic and CPU path"],"fullName":"BigIntPrimitive subtract() - public method with sign logic and CPU path should subtract 6789 from 12345 to get 5556 (borrow internal (12345 - 6789 = 5556)) using CPU path","status":"passed","title":"should subtract 6789 from 12345 to get 5556 (borrow internal (12345 - 6789 = 5556)) using CPU path","duration":0.5,"failureMessages":[],"meta":{}},{"ancestorTitles":["BigIntPrimitive","subtract() - public method with sign logic and CPU path"],"fullName":"BigIntPrimitive subtract() - public method with sign logic and CPU path should subtract 0 from 123 to get 123 (a - 0) using CPU path","status":"passed","title":"should subtract 0 from 123 to get 123 (a - 0) using CPU path","duration":0.5,"failureMessages":[],"meta":{}},{"ancestorTitles":["BigIntPrimitive","subtract() - public method with sign logic and CPU path"],"fullName":"BigIntPrimitive subtract() - public method with sign logic and CPU path should subtract 123 from 0 to get -123 (0 - a) using CPU path","status":"passed","title":"should subtract 123 from 0 to get -123 (0 - a) using CPU path","duration":2,"failureMessages":[],"meta":{}},{"ancestorTitles":["BigIntPrimitive","subtract() - public method with sign logic and CPU path"],"fullName":"BigIntPrimitive subtract() - public method with sign logic and CPU path should subtract 0 from 0 to get 0 (0 - 0) using CPU path","status":"passed","title":"should subtract 0 from 0 to get 0 (0 - 0) using CPU path","duration":0.5,"failureMessages":[],"meta":{}},{"ancestorTitles":["BigIntPrimitive","subtract() - public method with sign logic and CPU path"],"fullName":"BigIntPrimitive subtract() - public method with sign logic and CPU path should subtract -45 from -123 to get -78 (-a - -b (-123 - (-45) = -78)) using CPU path","status":"passed","title":"should subtract -45 from -123 to get -78 (-a - -b (-123 - (-45) = -78)) using CPU path","duration":0.7000000001862645,"failureMessages":[],"meta":{}},{"ancestorTitles":["BigIntPrimitive","subtract() - public method with sign logic and CPU path"],"fullName":"BigIntPrimitive subtract() - public method with sign logic and CPU path should subtract -123 from -45 to get 78 (-a - -b (-45 - (-123) = 78)) using CPU path","status":"passed","title":"should subtract -123 from -45 to get 78 (-a - -b (-45 - (-123) = 78)) using CPU path","duration":0.599999999627471,"failureMessages":[],"meta":{}},{"ancestorTitles":["BigIntPrimitive","subtract() - public method with sign logic and CPU path"],"fullName":"BigIntPrimitive subtract() - public method with sign logic and CPU path should subtract -45 from 123 to get 168 (a - -b (123 - (-45) = 168)) using CPU path","status":"passed","title":"should subtract -45 from 123 to get 168 (a - -b (123 - (-45) = 168)) using CPU path","duration":0.5,"failureMessages":[],"meta":{}},{"ancestorTitles":["BigIntPrimitive","subtract() - public method with sign logic and CPU path"],"fullName":"BigIntPrimitive subtract() - public method with sign logic and CPU path should subtract 45 from -123 to get -168 (-a - b (-123 - 45 = -168)) using CPU path","status":"passed","title":"should subtract 45 from -123 to get -168 (-a - b (-123 - 45 = -168)) using CPU path","duration":0.40000000037252903,"failureMessages":[],"meta":{}},{"ancestorTitles":["BigIntPrimitive","subtract() - public method with sign logic and CPU path"],"fullName":"BigIntPrimitive subtract() - public method with sign logic and CPU path should subtract 0.0045 from 1.23 to get 1.2255 (1.23 - 0.0045) using CPU path","status":"passed","title":"should subtract 0.0045 from 1.23 to get 1.2255 (1.23 - 0.0045) using CPU path","duration":0.5,"failureMessages":[],"meta":{}},{"ancestorTitles":["BigIntPrimitive","subtract() - public method with sign logic and CPU path"],"fullName":"BigIntPrimitive subtract() - public method with sign logic and CPU path should subtract 1.23 from 0.0045 to get -1.2255 (0.0045 - 1.23) using CPU path","status":"passed","title":"should subtract 1.23 from 0.0045 to get -1.2255 (0.0045 - 1.23) using CPU path","duration":0.5,"failureMessages":[],"meta":{}},{"ancestorTitles":["BigIntPrimitive","subtract() - public method with sign logic and CPU path"],"fullName":"BigIntPrimitive subtract() - public method with sign logic and CPU path should subtract 45e-1 from 123e2 to get 12295.5 (12300 - 4.5) using CPU path","status":"passed","title":"should subtract 45e-1 from 123e2 to get 12295.5 (12300 - 4.5) using CPU path","duration":0.39999999990686774,"failureMessages":[],"meta":{}},{"ancestorTitles":["BigIntPrimitive","subtract() - public method with sign logic and CPU path"],"fullName":"BigIntPrimitive subtract() - public method with sign logic and CPU path should subtract 2 from 1.2345 to get -0.7655 (1.2345 - 2) using CPU path","status":"passed","title":"should subtract 2 from 1.2345 to get -0.7655 (1.2345 - 2) using CPU path","duration":2,"failureMessages":[],"meta":{}},{"ancestorTitles":["BigIntPrimitive","subtract() - public method with sign logic and CPU path"],"fullName":"BigIntPrimitive subtract() - public method with sign logic and CPU path should subtract 0.05 from 200 to get 199.95 (200 - 0.05) using CPU path","status":"passed","title":"should subtract 0.05 from 200 to get 199.95 (200 - 0.05) using CPU path","duration":0.5,"failureMessages":[],"meta":{}},{"ancestorTitles":["BigIntPrimitive","subtract() - public method with sign logic and CPU path"],"fullName":"BigIntPrimitive subtract() - public method with sign logic and CPU path should subtract -0.0045 from -1.23 to get -1.2255 (-1.23 - (-0.0045)) using CPU path","status":"passed","title":"should subtract -0.0045 from -1.23 to get -1.2255 (-1.23 - (-0.0045)) using CPU path","duration":0.39999999990686774,"failureMessages":[],"meta":{}},{"ancestorTitles":["BigIntPrimitive","subtract() - public method with sign logic and CPU path"],"fullName":"BigIntPrimitive subtract() - public method with sign logic and CPU path should subtract -0.0045 from 1.23 to get 1.2345 (1.23 - (-0.0045)) using CPU path","status":"passed","title":"should subtract -0.0045 from 1.23 to get 1.2345 (1.23 - (-0.0045)) using CPU path","duration":0.39999999990686774,"failureMessages":[],"meta":{}},{"ancestorTitles":["BigIntPrimitive","subtract() - public method with sign logic and CPU path"],"fullName":"BigIntPrimitive subtract() - public method with sign logic and CPU path should subtract 0.0045 from -1.23 to get -1.2345 (-1.23 - 0.0045) using CPU path","status":"passed","title":"should subtract 0.0045 from -1.23 to get -1.2345 (-1.23 - 0.0045) using CPU path","duration":0.39999999990686774,"failureMessages":[],"meta":{}},{"ancestorTitles":["BigIntPrimitive","multiply() - public method with Karatsuba and sign logic","with forceCPU: true"],"fullName":"BigIntPrimitive multiply() - public method with Karatsuba and sign logic with forceCPU: true should multiply 123 and 45 to get 5535 (simple integer multiplication)","status":"passed","title":"should multiply 123 and 45 to get 5535 (simple integer multiplication)","duration":2.6999999997206032,"failureMessages":[],"meta":{}},{"ancestorTitles":["BigIntPrimitive","multiply() - public method with Karatsuba and sign logic","with forceCPU: true"],"fullName":"BigIntPrimitive multiply() - public method with Karatsuba and sign logic with forceCPU: true should multiply 123 and 0 to get 0 (multiply by zero (a * 0))","status":"passed","title":"should multiply 123 and 0 to get 0 (multiply by zero (a * 0))","duration":0.20000000018626451,"failureMessages":[],"meta":{}},{"ancestorTitles":["BigIntPrimitive","multiply() - public method with Karatsuba and sign logic","with forceCPU: true"],"fullName":"BigIntPrimitive multiply() - public method with Karatsuba and sign logic with forceCPU: true should multiply 0 and 45 to get 0 (multiply by zero (0 * a))","status":"passed","title":"should multiply 0 and 45 to get 0 (multiply by zero (0 * a))","duration":0.39999999990686774,"failureMessages":[],"meta":{}},{"ancestorTitles":["BigIntPrimitive","multiply() - public method with Karatsuba and sign logic","with forceCPU: true"],"fullName":"BigIntPrimitive multiply() - public method with Karatsuba and sign logic with forceCPU: true should multiply 123 and 1 to get 123 (multiply by one (a * 1))","status":"passed","title":"should multiply 123 and 1 to get 123 (multiply by one (a * 1))","duration":0.3000000002793968,"failureMessages":[],"meta":{}},{"ancestorTitles":["BigIntPrimitive","multiply() - public method with Karatsuba and sign logic","with forceCPU: true"],"fullName":"BigIntPrimitive multiply() - public method with Karatsuba and sign logic with forceCPU: true should multiply -123 and 45 to get -5535 (negative * positive)","status":"passed","title":"should multiply -123 and 45 to get -5535 (negative * positive)","duration":0.3000000002793968,"failureMessages":[],"meta":{}},{"ancestorTitles":["BigIntPrimitive","multiply() - public method with Karatsuba and sign logic","with forceCPU: true"],"fullName":"BigIntPrimitive multiply() - public method with Karatsuba and sign logic with forceCPU: true should multiply -123 and -45 to get 5535 (negative * negative)","status":"passed","title":"should multiply -123 and -45 to get 5535 (negative * negative)","duration":0.2999999998137355,"failureMessages":[],"meta":{}},{"ancestorTitles":["BigIntPrimitive","multiply() - public method with Karatsuba and sign logic","with forceCPU: true"],"fullName":"BigIntPrimitive multiply() - public method with Karatsuba and sign logic with forceCPU: true should multiply 1.2 and 0.5 to get 0.6 (simple decimal multiplication (1.2 * 0.5 = 0.6))","status":"passed","title":"should multiply 1.2 and 0.5 to get 0.6 (simple decimal multiplication (1.2 * 0.5 = 0.6))","duration":0.5,"failureMessages":[],"meta":{}},{"ancestorTitles":["BigIntPrimitive","multiply() - public method with Karatsuba and sign logic","with forceCPU: false"],"fullName":"BigIntPrimitive multiply() - public method with Karatsuba and sign logic with forceCPU: false should multiply 123 and 45 to get 5535 (simple integer multiplication)","status":"passed","title":"should multiply 123 and 45 to get 5535 (simple integer multiplication)","duration":5.199999999720603,"failureMessages":[],"meta":{}},{"ancestorTitles":["BigIntPrimitive","multiply() - public method with Karatsuba and sign logic","with forceCPU: false"],"fullName":"BigIntPrimitive multiply() - public method with Karatsuba and sign logic with forceCPU: false should multiply 123 and 0 to get 0 (multiply by zero (a * 0))","status":"passed","title":"should multiply 123 and 0 to get 0 (multiply by zero (a * 0))","duration":0.39999999990686774,"failureMessages":[],"meta":{}},{"ancestorTitles":["BigIntPrimitive","multiply() - public method with Karatsuba and sign logic","with forceCPU: false"],"fullName":"BigIntPrimitive multiply() - public method with Karatsuba and sign logic with forceCPU: false should multiply 0 and 45 to get 0 (multiply by zero (0 * a))","status":"passed","title":"should multiply 0 and 45 to get 0 (multiply by zero (0 * a))","duration":0.39999999990686774,"failureMessages":[],"meta":{}},{"ancestorTitles":["BigIntPrimitive","multiply() - public method with Karatsuba and sign logic","with forceCPU: false"],"fullName":"BigIntPrimitive multiply() - public method with Karatsuba and sign logic with forceCPU: false should multiply 123 and 1 to get 123 (multiply by one (a * 1))","status":"passed","title":"should multiply 123 and 1 to get 123 (multiply by one (a * 1))","duration":1,"failureMessages":[],"meta":{}},{"ancestorTitles":["BigIntPrimitive","multiply() - public method with Karatsuba and sign logic","with forceCPU: false"],"fullName":"BigIntPrimitive multiply() - public method with Karatsuba and sign logic with forceCPU: false should multiply -123 and 45 to get -5535 (negative * positive)","status":"passed","title":"should multiply -123 and 45 to get -5535 (negative * positive)","duration":1.5,"failureMessages":[],"meta":{}},{"ancestorTitles":["BigIntPrimitive","multiply() - public method with Karatsuba and sign logic","with forceCPU: false"],"fullName":"BigIntPrimitive multiply() - public method with Karatsuba and sign logic with forceCPU: false should multiply -123 and -45 to get 5535 (negative * negative)","status":"passed","title":"should multiply -123 and -45 to get 5535 (negative * negative)","duration":1.1000000000931323,"failureMessages":[],"meta":{}},{"ancestorTitles":["BigIntPrimitive","multiply() - public method with Karatsuba and sign logic","with forceCPU: false"],"fullName":"BigIntPrimitive multiply() - public method with Karatsuba and sign logic with forceCPU: false should multiply 1.2 and 0.5 to get 0.6 (simple decimal multiplication (1.2 * 0.5 = 0.6))","status":"passed","title":"should multiply 1.2 and 0.5 to get 0.6 (simple decimal multiplication (1.2 * 0.5 = 0.6))","duration":3.3999999999068677,"failureMessages":[],"meta":{}},{"ancestorTitles":["BigIntPrimitive","multiply() - public method with Karatsuba and sign logic"],"fullName":"BigIntPrimitive multiply() - public method with Karatsuba and sign logic should return a new BigIntPrimitive instance","status":"passed","title":"should return a new BigIntPrimitive instance","duration":0.2999999998137355,"failureMessages":[],"meta":{}},{"ancestorTitles":["BigIntPrimitive","pow()"],"fullName":"BigIntPrimitive pow() should calculate powers correctly for positive integer exponents","status":"passed","title":"should calculate powers correctly for positive integer exponents","duration":1.2999999998137355,"failureMessages":[],"meta":{}},{"ancestorTitles":["BigIntPrimitive","pow()"],"fullName":"BigIntPrimitive pow() should handle exponent of 0 and 1 correctly","status":"passed","title":"should handle exponent of 0 and 1 correctly","duration":0.39999999990686774,"failureMessages":[],"meta":{}},{"ancestorTitles":["BigIntPrimitive","pow()"],"fullName":"BigIntPrimitive pow() should handle base of 0 correctly","status":"passed","title":"should handle base of 0 correctly","duration":1.6000000000931323,"failureMessages":[],"meta":{}},{"ancestorTitles":["BigIntPrimitive","pow()"],"fullName":"BigIntPrimitive pow() should handle negative exponents correctly","status":"passed","title":"should handle negative exponents correctly","duration":4.7999999998137355,"failureMessages":[],"meta":{}},{"ancestorTitles":["BigIntPrimitive","pow()"],"fullName":"BigIntPrimitive pow() should handle base of 1 and -1 correctly","status":"passed","title":"should handle base of 1 and -1 correctly","duration":0.2999999998137355,"failureMessages":[],"meta":{}},{"ancestorTitles":["BigIntPrimitive","pow()"],"fullName":"BigIntPrimitive pow() should throw error for non-integer exponent","status":"passed","title":"should throw error for non-integer exponent","duration":0.40000000037252903,"failureMessages":[],"meta":{}},{"ancestorTitles":["BigIntPrimitive","pow()"],"fullName":"BigIntPrimitive pow() should throw error for very large positive exponent","status":"passed","title":"should throw error for very large positive exponent","duration":0.2999999998137355,"failureMessages":[],"meta":{}},{"ancestorTitles":["BigIntPrimitive","pow()"],"fullName":"BigIntPrimitive pow() should return a new BigIntPrimitive instance","status":"passed","title":"should return a new BigIntPrimitive instance","duration":0.19999999972060323,"failureMessages":[],"meta":{}},{"ancestorTitles":["BigIntPrimitive","_multiply_limb_by_bigint()"],"fullName":"BigIntPrimitive _multiply_limb_by_bigint() should correctly multiply limb 2 by BigInt 1234 to get 2468 (simple multiplication)","status":"passed","title":"should correctly multiply limb 2 by BigInt 1234 to get 2468 (simple multiplication)","duration":0.5,"failureMessages":[],"meta":{}},{"ancestorTitles":["BigIntPrimitive","_multiply_limb_by_bigint()"],"fullName":"BigIntPrimitive _multiply_limb_by_bigint() should correctly multiply limb 0 by BigInt 1234 to get 0 (limb is zero)","status":"passed","title":"should correctly multiply limb 0 by BigInt 1234 to get 0 (limb is zero)","duration":0.3000000002793968,"failureMessages":[],"meta":{}},{"ancestorTitles":["BigIntPrimitive","_multiply_limb_by_bigint()"],"fullName":"BigIntPrimitive _multiply_limb_by_bigint() should correctly multiply limb 1234 by BigInt 0 to get 0 (number is zero)","status":"passed","title":"should correctly multiply limb 1234 by BigInt 0 to get 0 (number is zero)","duration":0.10000000009313226,"failureMessages":[],"meta":{}},{"ancestorTitles":["BigIntPrimitive","_multiply_limb_by_bigint()"],"fullName":"BigIntPrimitive _multiply_limb_by_bigint() should correctly multiply limb 1 by BigInt 9876 to get 9876 (limb is one)","status":"passed","title":"should correctly multiply limb 1 by BigInt 9876 to get 9876 (limb is one)","duration":0.2999999998137355,"failureMessages":[],"meta":{}},{"ancestorTitles":["BigIntPrimitive","_multiply_limb_by_bigint()"],"fullName":"BigIntPrimitive _multiply_limb_by_bigint() should correctly multiply limb 5000 by BigInt 3 to get 15000 (result requires carry to new limb (BASE 10000))","status":"passed","title":"should correctly multiply limb 5000 by BigInt 3 to get 15000 (result requires carry to new limb (BASE 10000))","duration":0.20000000018626451,"failureMessages":[],"meta":{}},{"ancestorTitles":["BigIntPrimitive","_multiply_limb_by_bigint()"],"fullName":"BigIntPrimitive _multiply_limb_by_bigint() should correctly multiply limb 2 by BigInt 1000020000 to get 2000040000 (number with multiple limbs)","status":"passed","title":"should correctly multiply limb 2 by BigInt 1000020000 to get 2000040000 (number with multiple limbs)","duration":0.19999999972060323,"failureMessages":[],"meta":{}},{"ancestorTitles":["BigIntPrimitive","_multiply_limb_by_bigint()"],"fullName":"BigIntPrimitive _multiply_limb_by_bigint() should correctly multiply limb 10000 by BigInt 1 to get 10000 (limb is BASE (should be handled as 1*BASE + 0))","status":"passed","title":"should correctly multiply limb 10000 by BigInt 1 to get 10000 (limb is BASE (should be handled as 1*BASE + 0))","duration":0.10000000009313226,"failureMessages":[],"meta":{}},{"ancestorTitles":["BigIntPrimitive","_core_multiply() - internal multiplication logic"],"fullName":"BigIntPrimitive _core_multiply() - internal multiplication logic should correctly multiply 123 and 45 to get 5535 (simple integers)","status":"passed","title":"should correctly multiply 123 and 45 to get 5535 (simple integers)","duration":0.5,"failureMessages":[],"meta":{}},{"ancestorTitles":["BigIntPrimitive","_core_multiply() - internal multiplication logic"],"fullName":"BigIntPrimitive _core_multiply() - internal multiplication logic should correctly multiply 6789 and 12345 to get 83810205 (multi-limb order swap)","status":"passed","title":"should correctly multiply 6789 and 12345 to get 83810205 (multi-limb order swap)","duration":0.20000000018626451,"failureMessages":[],"meta":{}},{"ancestorTitles":["BigIntPrimitive","_core_multiply() - internal multiplication logic"],"fullName":"BigIntPrimitive _core_multiply() - internal multiplication logic should correctly multiply 123 and 0 to get 0 (multiply by zero)","status":"passed","title":"should correctly multiply 123 and 0 to get 0 (multiply by zero)","duration":0.19999999972060323,"failureMessages":[],"meta":{}},{"ancestorTitles":["BigIntPrimitive","_core_multiply() - internal multiplication logic"],"fullName":"BigIntPrimitive _core_multiply() - internal multiplication logic should correctly multiply 0 and 456 to get 0 (zero multiply by number)","status":"passed","title":"should correctly multiply 0 and 456 to get 0 (zero multiply by number)","duration":0.10000000009313226,"failureMessages":[],"meta":{}},{"ancestorTitles":["BigIntPrimitive","_core_multiply() - internal multiplication logic"],"fullName":"BigIntPrimitive _core_multiply() - internal multiplication logic should correctly multiply 123 and 1 to get 123 (multiply by one)","status":"passed","title":"should correctly multiply 123 and 1 to get 123 (multiply by one)","duration":0.20000000018626451,"failureMessages":[],"meta":{}},{"ancestorTitles":["BigIntPrimitive","_core_multiply() - internal multiplication logic"],"fullName":"BigIntPrimitive _core_multiply() - internal multiplication logic should correctly multiply 1 and 456 to get 456 (one multiply by number)","status":"passed","title":"should correctly multiply 1 and 456 to get 456 (one multiply by number)","duration":0.09999999962747097,"failureMessages":[],"meta":{}},{"ancestorTitles":["BigIntPrimitive","_core_multiply() - internal multiplication logic"],"fullName":"BigIntPrimitive _core_multiply() - internal multiplication logic should correctly multiply 10000 and 10000 to get 100000000 (BASE * BASE)","status":"passed","title":"should correctly multiply 10000 and 10000 to get 100000000 (BASE * BASE)","duration":0.3000000002793968,"failureMessages":[],"meta":{}},{"ancestorTitles":["BigIntPrimitive","_core_multiply() - internal multiplication logic"],"fullName":"BigIntPrimitive _core_multiply() - internal multiplication logic should correctly multiply 9999 and 9999 to get 99980001 (max limb * max limb)","status":"passed","title":"should correctly multiply 9999 and 9999 to get 99980001 (max limb * max limb)","duration":0.19999999972060323,"failureMessages":[],"meta":{}},{"ancestorTitles":["BigIntPrimitive","_staticRound_cpu() - internal rounding logic"],"fullName":"BigIntPrimitive _staticRound_cpu() - internal rounding logic should round \"12345\" at index 3 (mode 0, neg false) to \"123\"","status":"passed","title":"should round \"12345\" at index 3 (mode 0, neg false) to \"123\"","duration":1.7000000001862645,"failureMessages":[],"meta":{}},{"ancestorTitles":["BigIntPrimitive","_staticRound_cpu() - internal rounding logic"],"fullName":"BigIntPrimitive _staticRound_cpu() - internal rounding logic should round \"12300\" at index 3 (mode 0, neg false) to \"123\"","status":"passed","title":"should round \"12300\" at index 3 (mode 0, neg false) to \"123\"","duration":0.20000000018626451,"failureMessages":[],"meta":{}},{"ancestorTitles":["BigIntPrimitive","_staticRound_cpu() - internal rounding logic"],"fullName":"BigIntPrimitive _staticRound_cpu() - internal rounding logic should round \"12399\" at index 3 (mode 0, neg false) to \"123\"","status":"passed","title":"should round \"12399\" at index 3 (mode 0, neg false) to \"123\"","duration":0.09999999962747097,"failureMessages":[],"meta":{}},{"ancestorTitles":["BigIntPrimitive","_staticRound_cpu() - internal rounding logic"],"fullName":"BigIntPrimitive _staticRound_cpu() - internal rounding logic should round \"5\" at index 0 (mode 0, neg false) to \"0\"","status":"passed","title":"should round \"5\" at index 0 (mode 0, neg false) to \"0\"","duration":0.10000000009313226,"failureMessages":[],"meta":{}},{"ancestorTitles":["BigIntPrimitive","_staticRound_cpu() - internal rounding logic"],"fullName":"BigIntPrimitive _staticRound_cpu() - internal rounding logic should round \"123\" at index 0 (mode 0, neg false) to \"0\"","status":"passed","title":"should round \"123\" at index 0 (mode 0, neg false) to \"0\"","duration":0.10000000009313226,"failureMessages":[],"meta":{}},{"ancestorTitles":["BigIntPrimitive","_staticRound_cpu() - internal rounding logic"],"fullName":"BigIntPrimitive _staticRound_cpu() - internal rounding logic should round \"123\" at index 1 (mode 0, neg false) to \"1\"","status":"passed","title":"should round \"123\" at index 1 (mode 0, neg false) to \"1\"","duration":0.10000000009313226,"failureMessages":[],"meta":{}},{"ancestorTitles":["BigIntPrimitive","_staticRound_cpu() - internal rounding logic"],"fullName":"BigIntPrimitive _staticRound_cpu() - internal rounding logic should round \"123\" at index 2 (mode 0, neg false) to \"12\"","status":"passed","title":"should round \"123\" at index 2 (mode 0, neg false) to \"12\"","duration":0.10000000009313226,"failureMessages":[],"meta":{}},{"ancestorTitles":["BigIntPrimitive","_staticRound_cpu() - internal rounding logic"],"fullName":"BigIntPrimitive _staticRound_cpu() - internal rounding logic should round \"123\" at index 3 (mode 0, neg false) to \"123\"","status":"passed","title":"should round \"123\" at index 3 (mode 0, neg false) to \"123\"","duration":0.09999999962747097,"failureMessages":[],"meta":{}},{"ancestorTitles":["BigIntPrimitive","_staticRound_cpu() - internal rounding logic"],"fullName":"BigIntPrimitive _staticRound_cpu() - internal rounding logic should round \"0\" at index 0 (mode 0, neg false) to \"0\"","status":"passed","title":"should round \"0\" at index 0 (mode 0, neg false) to \"0\"","duration":0.10000000009313226,"failureMessages":[],"meta":{}},{"ancestorTitles":["BigIntPrimitive","_staticRound_cpu() - internal rounding logic"],"fullName":"BigIntPrimitive _staticRound_cpu() - internal rounding logic should round \"12345\" at index 3 (mode 1, neg false) to \"123\"","status":"passed","title":"should round \"12345\" at index 3 (mode 1, neg false) to \"123\"","duration":0.10000000009313226,"failureMessages":[],"meta":{}},{"ancestorTitles":["BigIntPrimitive","_staticRound_cpu() - internal rounding logic"],"fullName":"BigIntPrimitive _staticRound_cpu() - internal rounding logic should round \"12350\" at index 3 (mode 1, neg false) to \"124\"","status":"passed","title":"should round \"12350\" at index 3 (mode 1, neg false) to \"124\"","duration":0.20000000018626451,"failureMessages":[],"meta":{}},{"ancestorTitles":["BigIntPrimitive","_staticRound_cpu() - internal rounding logic"],"fullName":"BigIntPrimitive _staticRound_cpu() - internal rounding logic should round \"12399\" at index 3 (mode 1, neg true) to \"124\"","status":"passed","title":"should round \"12399\" at index 3 (mode 1, neg true) to \"124\"","duration":2,"failureMessages":[],"meta":{}},{"ancestorTitles":["BigIntPrimitive","_staticRound_cpu() - internal rounding logic"],"fullName":"BigIntPrimitive _staticRound_cpu() - internal rounding logic should round \"5\" at index 0 (mode 1, neg false) to \"1\"","status":"passed","title":"should round \"5\" at index 0 (mode 1, neg false) to \"1\"","duration":0.2999999998137355,"failureMessages":[],"meta":{}},{"ancestorTitles":["BigIntPrimitive","_staticRound_cpu() - internal rounding logic"],"fullName":"BigIntPrimitive _staticRound_cpu() - internal rounding logic should round \"4\" at index 0 (mode 1, neg false) to \"0\"","status":"passed","title":"should round \"4\" at index 0 (mode 1, neg false) to \"0\"","duration":0,"failureMessages":[],"meta":{}},{"ancestorTitles":["BigIntPrimitive","_staticRound_cpu() - internal rounding logic"],"fullName":"BigIntPrimitive _staticRound_cpu() - internal rounding logic should round \"99\" at index 0 (mode 1, neg false) to \"1\"","status":"passed","title":"should round \"99\" at index 0 (mode 1, neg false) to \"1\"","duration":0.20000000018626451,"failureMessages":[],"meta":{}},{"ancestorTitles":["BigIntPrimitive","_staticRound_cpu() - internal rounding logic"],"fullName":"BigIntPrimitive _staticRound_cpu() - internal rounding logic should round \"199\" at index 1 (mode 1, neg false) to \"2\"","status":"passed","title":"should round \"199\" at index 1 (mode 1, neg false) to \"2\"","duration":0.09999999962747097,"failureMessages":[],"meta":{}},{"ancestorTitles":["BigIntPrimitive","_staticRound_cpu() - internal rounding logic"],"fullName":"BigIntPrimitive _staticRound_cpu() - internal rounding logic should round \"12250\" at index 3 (mode 2, neg false) to \"122\"","status":"passed","title":"should round \"12250\" at index 3 (mode 2, neg false) to \"122\"","duration":0.3000000002793968,"failureMessages":[],"meta":{}},{"ancestorTitles":["BigIntPrimitive","_staticRound_cpu() - internal rounding logic"],"fullName":"BigIntPrimitive _staticRound_cpu() - internal rounding logic should round \"12350\" at index 3 (mode 2, neg false) to \"124\"","status":"passed","title":"should round \"12350\" at index 3 (mode 2, neg false) to \"124\"","duration":0.10000000009313226,"failureMessages":[],"meta":{}},{"ancestorTitles":["BigIntPrimitive","_staticRound_cpu() - internal rounding logic"],"fullName":"BigIntPrimitive _staticRound_cpu() - internal rounding logic should round \"12251\" at index 3 (mode 2, neg false) to \"123\"","status":"passed","title":"should round \"12251\" at index 3 (mode 2, neg false) to \"123\"","duration":0,"failureMessages":[],"meta":{}},{"ancestorTitles":["BigIntPrimitive","_staticRound_cpu() - internal rounding logic"],"fullName":"BigIntPrimitive _staticRound_cpu() - internal rounding logic should round \"12351\" at index 3 (mode 2, neg false) to \"124\"","status":"passed","title":"should round \"12351\" at index 3 (mode 2, neg false) to \"124\"","duration":0.09999999962747097,"failureMessages":[],"meta":{}},{"ancestorTitles":["BigIntPrimitive","_staticRound_cpu() - internal rounding logic"],"fullName":"BigIntPrimitive _staticRound_cpu() - internal rounding logic should round \"250\" at index 1 (mode 2, neg false) to \"2\"","status":"passed","title":"should round \"250\" at index 1 (mode 2, neg false) to \"2\"","duration":0.20000000018626451,"failureMessages":[],"meta":{}},{"ancestorTitles":["BigIntPrimitive","_staticRound_cpu() - internal rounding logic"],"fullName":"BigIntPrimitive _staticRound_cpu() - internal rounding logic should round \"350\" at index 1 (mode 2, neg false) to \"4\"","status":"passed","title":"should round \"350\" at index 1 (mode 2, neg false) to \"4\"","duration":0.10000000009313226,"failureMessages":[],"meta":{}},{"ancestorTitles":["BigIntPrimitive","_staticRound_cpu() - internal rounding logic"],"fullName":"BigIntPrimitive _staticRound_cpu() - internal rounding logic should round \"12301\" at index 3 (mode 3, neg false) to \"124\"","status":"passed","title":"should round \"12301\" at index 3 (mode 3, neg false) to \"124\"","duration":0.10000000009313226,"failureMessages":[],"meta":{}},{"ancestorTitles":["BigIntPrimitive","_staticRound_cpu() - internal rounding logic"],"fullName":"BigIntPrimitive _staticRound_cpu() - internal rounding logic should round \"12300\" at index 3 (mode 3, neg false) to \"123\"","status":"passed","title":"should round \"12300\" at index 3 (mode 3, neg false) to \"123\"","duration":0,"failureMessages":[],"meta":{}},{"ancestorTitles":["BigIntPrimitive","_staticRound_cpu() - internal rounding logic"],"fullName":"BigIntPrimitive _staticRound_cpu() - internal rounding logic should round \"12301\" at index 3 (mode 3, neg true) to \"123\"","status":"passed","title":"should round \"12301\" at index 3 (mode 3, neg true) to \"123\"","duration":0.09999999962747097,"failureMessages":[],"meta":{}},{"ancestorTitles":["BigIntPrimitive","_staticRound_cpu() - internal rounding logic"],"fullName":"BigIntPrimitive _staticRound_cpu() - internal rounding logic should round \"1\" at index 0 (mode 3, neg false) to \"1\"","status":"passed","title":"should round \"1\" at index 0 (mode 3, neg false) to \"1\"","duration":0.20000000018626451,"failureMessages":[],"meta":{}},{"ancestorTitles":["BigIntPrimitive","_staticRound_cpu() - internal rounding logic"],"fullName":"BigIntPrimitive _staticRound_cpu() - internal rounding logic should round \"0\" at index 0 (mode 3, neg false) to \"0\"","status":"passed","title":"should round \"0\" at index 0 (mode 3, neg false) to \"0\"","duration":0.20000000018626451,"failureMessages":[],"meta":{}},{"ancestorTitles":["BigIntPrimitive","toNumber() - public method","Non-Strict Mode (BigIntPrimitive.strict = false)"],"fullName":"BigIntPrimitive toNumber() - public method Non-Strict Mode (BigIntPrimitive.strict = false) should convert \"123\" to 123","status":"passed","title":"should convert \"123\" to 123","duration":0.5,"failureMessages":[],"meta":{}},{"ancestorTitles":["BigIntPrimitive","toNumber() - public method","Non-Strict Mode (BigIntPrimitive.strict = false)"],"fullName":"BigIntPrimitive toNumber() - public method Non-Strict Mode (BigIntPrimitive.strict = false) should convert \"-45.67\" to -45.67","status":"passed","title":"should convert \"-45.67\" to -45.67","duration":0.20000000018626451,"failureMessages":[],"meta":{}},{"ancestorTitles":["BigIntPrimitive","toNumber() - public method","Non-Strict Mode (BigIntPrimitive.strict = false)"],"fullName":"BigIntPrimitive toNumber() - public method Non-Strict Mode (BigIntPrimitive.strict = false) should convert \"0\" to 0","status":"passed","title":"should convert \"0\" to 0","duration":0.2999999998137355,"failureMessages":[],"meta":{}},{"ancestorTitles":["BigIntPrimitive","toNumber() - public method","Non-Strict Mode (BigIntPrimitive.strict = false)"],"fullName":"BigIntPrimitive toNumber() - public method Non-Strict Mode (BigIntPrimitive.strict = false) should convert \"1e+500\" to Infinity","status":"passed","title":"should convert \"1e+500\" to Infinity","duration":0.3000000002793968,"failureMessages":[],"meta":{}},{"ancestorTitles":["BigIntPrimitive","toNumber() - public method","Non-Strict Mode (BigIntPrimitive.strict = false)"],"fullName":"BigIntPrimitive toNumber() - public method Non-Strict Mode (BigIntPrimitive.strict = false) should convert \"-1e+500\" to -Infinity","status":"passed","title":"should convert \"-1e+500\" to -Infinity","duration":0.19999999972060323,"failureMessages":[],"meta":{}},{"ancestorTitles":["BigIntPrimitive","toNumber() - public method","Non-Strict Mode (BigIntPrimitive.strict = false)"],"fullName":"BigIntPrimitive toNumber() - public method Non-Strict Mode (BigIntPrimitive.strict = false) should convert a number that will lose precision to an approximate JS number","status":"passed","title":"should convert a number that will lose precision to an approximate JS number","duration":0.8000000002793968,"failureMessages":[],"meta":{}},{"ancestorTitles":["BigIntPrimitive","toNumber() - public method","Non-Strict Mode (BigIntPrimitive.strict = false)"],"fullName":"BigIntPrimitive toNumber() - public method Non-Strict Mode (BigIntPrimitive.strict = false) should convert a very small number to its JS number representation","status":"passed","title":"should convert a very small number to its JS number representation","duration":0.20000000018626451,"failureMessages":[],"meta":{}},{"ancestorTitles":["BigIntPrimitive","toNumber() - public method","Non-Strict Mode (BigIntPrimitive.strict = false)"],"fullName":"BigIntPrimitive toNumber() - public method Non-Strict Mode (BigIntPrimitive.strict = false) should convert scientific notation string to number","status":"passed","title":"should convert scientific notation string to number","duration":0.2999999998137355,"failureMessages":[],"meta":{}},{"ancestorTitles":["BigIntPrimitive","toNumber() - public method","Strict Mode (BigIntPrimitive.strict = true)"],"fullName":"BigIntPrimitive toNumber() - public method Strict Mode (BigIntPrimitive.strict = true) should convert \"123\" to 123","status":"passed","title":"should convert \"123\" to 123","duration":0.3000000002793968,"failureMessages":[],"meta":{}},{"ancestorTitles":["BigIntPrimitive","toNumber() - public method","Strict Mode (BigIntPrimitive.strict = true)"],"fullName":"BigIntPrimitive toNumber() - public method Strict Mode (BigIntPrimitive.strict = true) should convert \"-45.67\" to -45.67","status":"passed","title":"should convert \"-45.67\" to -45.67","duration":0.10000000009313226,"failureMessages":[],"meta":{}},{"ancestorTitles":["BigIntPrimitive","toNumber() - public method","Strict Mode (BigIntPrimitive.strict = true)"],"fullName":"BigIntPrimitive toNumber() - public method Strict Mode (BigIntPrimitive.strict = true) should convert \"123.000\" to 123 without error","status":"passed","title":"should convert \"123.000\" to 123 without error","duration":0.19999999972060323,"failureMessages":[],"meta":{}},{"ancestorTitles":["BigIntPrimitive","toNumber() - public method","Strict Mode (BigIntPrimitive.strict = true)"],"fullName":"BigIntPrimitive toNumber() - public method Strict Mode (BigIntPrimitive.strict = true) should convert \"123.45600\" to 123.456 without error","status":"passed","title":"should convert \"123.45600\" to 123.456 without error","duration":0.5,"failureMessages":[],"meta":{}},{"ancestorTitles":["BigIntPrimitive","toNumber() - public method","Strict Mode (BigIntPrimitive.strict = true)"],"fullName":"BigIntPrimitive toNumber() - public method Strict Mode (BigIntPrimitive.strict = true) should convert \"0\" to 0","status":"passed","title":"should convert \"0\" to 0","duration":3.8999999999068677,"failureMessages":[],"meta":{}},{"ancestorTitles":["BigIntPrimitive","toNumber() - public method","Strict Mode (BigIntPrimitive.strict = true)"],"fullName":"BigIntPrimitive toNumber() - public method Strict Mode (BigIntPrimitive.strict = true) should convert \"-0\" to 0 (and not throw due to sign)","status":"passed","title":"should convert \"-0\" to 0 (and not throw due to sign)","duration":0.20000000018626451,"failureMessages":[],"meta":{}},{"ancestorTitles":["BigIntPrimitive","toNumber() - public method","Strict Mode (BigIntPrimitive.strict = true)"],"fullName":"BigIntPrimitive toNumber() - public method Strict Mode (BigIntPrimitive.strict = true) should throw TypeError for \"1e+500\" (non-finite)","status":"passed","title":"should throw TypeError for \"1e+500\" (non-finite)","duration":0.6999999997206032,"failureMessages":[],"meta":{}},{"ancestorTitles":["BigIntPrimitive","toNumber() - public method","Strict Mode (BigIntPrimitive.strict = true)"],"fullName":"BigIntPrimitive toNumber() - public method Strict Mode (BigIntPrimitive.strict = true) should throw TypeError for \"-1e+500\" (non-finite)","status":"passed","title":"should throw TypeError for \"-1e+500\" (non-finite)","duration":0.6000000000931323,"failureMessages":[],"meta":{}},{"ancestorTitles":["BigIntPrimitive","toNumber() - public method","Strict Mode (BigIntPrimitive.strict = true)"],"fullName":"BigIntPrimitive toNumber() - public method Strict Mode (BigIntPrimitive.strict = true) should throw TypeError for \"123456789012345678901\" (precision loss)","status":"passed","title":"should throw TypeError for \"123456789012345678901\" (precision loss)","duration":1.2000000001862645,"failureMessages":[],"meta":{}},{"ancestorTitles":["BigIntPrimitive","toNumber() - public method","Strict Mode (BigIntPrimitive.strict = true)"],"fullName":"BigIntPrimitive toNumber() - public method Strict Mode (BigIntPrimitive.strict = true) should throw TypeError for very small number with precision loss","status":"passed","title":"should throw TypeError for very small number with precision loss","duration":1,"failureMessages":[],"meta":{}},{"ancestorTitles":["BigIntPrimitive","toNumber() - public method","Strict Mode (BigIntPrimitive.strict = true)"],"fullName":"BigIntPrimitive toNumber() - public method Strict Mode (BigIntPrimitive.strict = true) should not throw for numbers that convert exactly even if toString differs for trailing zeros","status":"passed","title":"should not throw for numbers that convert exactly even if toString differs for trailing zeros","duration":0.6000000000931323,"failureMessages":[],"meta":{}},{"ancestorTitles":["BigIntPrimitive","toExponential()"],"fullName":"BigIntPrimitive toExponential() should format 45.6 to \"4.56e+1\" with undefined dp","status":"passed","title":"should format 45.6 to \"4.56e+1\" with undefined dp","duration":1,"failureMessages":[],"meta":{}},{"ancestorTitles":["BigIntPrimitive","toExponential()"],"fullName":"BigIntPrimitive toExponential() should format 45.6 to \"5e+1\" with dp 0","status":"passed","title":"should format 45.6 to \"5e+1\" with dp 0","duration":0.7000000001862645,"failureMessages":[],"meta":{}},{"ancestorTitles":["BigIntPrimitive","toExponential()"],"fullName":"BigIntPrimitive toExponential() should format 45.6 to \"4.6e+1\" with dp 1","status":"passed","title":"should format 45.6 to \"4.6e+1\" with dp 1","duration":0.39999999990686774,"failureMessages":[],"meta":{}},{"ancestorTitles":["BigIntPrimitive","toExponential()"],"fullName":"BigIntPrimitive toExponential() should format 45.6 to \"4.5e+1\" with dp 1 and roundDown","status":"passed","title":"should format 45.6 to \"4.5e+1\" with dp 1 and roundDown","duration":0.5,"failureMessages":[],"meta":{}},{"ancestorTitles":["BigIntPrimitive","toExponential()"],"fullName":"BigIntPrimitive toExponential() should format 45.6 to \"4.560e+1\" with dp 3","status":"passed","title":"should format 45.6 to \"4.560e+1\" with dp 3","duration":0.5,"failureMessages":[],"meta":{}},{"ancestorTitles":["BigIntPrimitive","toExponential()"],"fullName":"BigIntPrimitive toExponential() should format \"0\" to \"0e+0\" with undefined dp","status":"passed","title":"should format \"0\" to \"0e+0\" with undefined dp","duration":0.599999999627471,"failureMessages":[],"meta":{}},{"ancestorTitles":["BigIntPrimitive","toExponential()"],"fullName":"BigIntPrimitive toExponential() should format \"0\" to \"0.00e+0\" with dp 2","status":"passed","title":"should format \"0\" to \"0.00e+0\" with dp 2","duration":0.40000000037252903,"failureMessages":[],"meta":{}},{"ancestorTitles":["BigIntPrimitive","toExponential()"],"fullName":"BigIntPrimitive toExponential() should format \"-45.6\" to \"-4.6e+1\" with dp 1","status":"passed","title":"should format \"-45.6\" to \"-4.6e+1\" with dp 1","duration":0.599999999627471,"failureMessages":[],"meta":{}},{"ancestorTitles":["BigIntPrimitive","toExponential()"],"fullName":"BigIntPrimitive toExponential() should format \"0.00123\" to \"1.2e-3\" with dp 1","status":"passed","title":"should format \"0.00123\" to \"1.2e-3\" with dp 1","duration":0.6000000000931323,"failureMessages":[],"meta":{}},{"ancestorTitles":["BigIntPrimitive","toExponential()"],"fullName":"BigIntPrimitive toExponential() should format \"12345e10\" to \"1.23e+14\" with dp 2","status":"passed","title":"should format \"12345e10\" to \"1.23e+14\" with dp 2","duration":0.6000000000931323,"failureMessages":[],"meta":{}},{"ancestorTitles":["BigIntPrimitive","toExponential()"],"fullName":"BigIntPrimitive toExponential() should format \"12345\" to \"1.23e+4\" with dp 2","status":"passed","title":"should format \"12345\" to \"1.23e+4\" with dp 2","duration":0.8999999999068677,"failureMessages":[],"meta":{}},{"ancestorTitles":["BigIntPrimitive","toExponential()"],"fullName":"BigIntPrimitive toExponential() should format \"123.456\" to \"1.23456e+2\" with undefined dp","status":"passed","title":"should format \"123.456\" to \"1.23456e+2\" with undefined dp","duration":0.5,"failureMessages":[],"meta":{}},{"ancestorTitles":["BigIntPrimitive","toExponential()"],"fullName":"BigIntPrimitive toExponential() should use BigIntPrimitive.RM when rm is undefined","status":"passed","title":"should use BigIntPrimitive.RM when rm is undefined","duration":0.7000000001862645,"failureMessages":[],"meta":{}},{"ancestorTitles":["BigIntPrimitive","toExponential()"],"fullName":"BigIntPrimitive toExponential() should throw error for invalid dp","status":"passed","title":"should throw error for invalid dp","duration":13.299999999813735,"failureMessages":[],"meta":{}},{"ancestorTitles":["BigIntPrimitive","toExponential()"],"fullName":"BigIntPrimitive toExponential() should throw error for invalid rm","status":"passed","title":"should throw error for invalid rm","duration":0.7999999998137355,"failureMessages":[],"meta":{}},{"ancestorTitles":["BigIntPrimitive","toExponential()"],"fullName":"BigIntPrimitive toExponential() should correctly round \"1.99\" with dp 1 to \"2.0e+0\"","status":"passed","title":"should correctly round \"1.99\" with dp 1 to \"2.0e+0\"","duration":0.6000000000931323,"failureMessages":[],"meta":{}},{"ancestorTitles":["BigIntPrimitive","toExponential()"],"fullName":"BigIntPrimitive toExponential() should correctly round \"9.99\" with dp 1 (RM_HalfUp) to \"1.0e+1\"","status":"passed","title":"should correctly round \"9.99\" with dp 1 (RM_HalfUp) to \"1.0e+1\"","duration":0.5,"failureMessages":[],"meta":{}},{"ancestorTitles":["BigIntPrimitive","toExponential()"],"fullName":"BigIntPrimitive toExponential() should correctly round \"0.5\" with dp 0 to \"5e-1\"","status":"passed","title":"should correctly round \"0.5\" with dp 0 to \"5e-1\"","duration":1.1000000000931323,"failureMessages":[],"meta":{}},{"ancestorTitles":["BigIntPrimitive","toExponential()"],"fullName":"BigIntPrimitive toExponential() should correctly round \"0.099\" with dp 1 to \"9.9e-2\" (RM_HalfUp)","status":"passed","title":"should correctly round \"0.099\" with dp 1 to \"9.9e-2\" (RM_HalfUp)","duration":0.599999999627471,"failureMessages":[],"meta":{}},{"ancestorTitles":["BigIntPrimitive","toExponential()"],"fullName":"BigIntPrimitive toExponential() should handle numbers that are already in exponential form correctly","status":"passed","title":"should handle numbers that are already in exponential form correctly","duration":0.900000000372529,"failureMessages":[],"meta":{}},{"ancestorTitles":["BigIntPrimitive","toExponential()"],"fullName":"BigIntPrimitive toExponential() should handle \"1\" with dp 2","status":"passed","title":"should handle \"1\" with dp 2","duration":1.1000000000931323,"failureMessages":[],"meta":{}},{"ancestorTitles":["BigIntPrimitive","toExponential()"],"fullName":"BigIntPrimitive toExponential() should handle rounding of 0.05 to 0 dp to \"5e-2\"","status":"passed","title":"should handle rounding of 0.05 to 0 dp to \"5e-2\"","duration":0.7000000001862645,"failureMessages":[],"meta":{}},{"ancestorTitles":["BigIntPrimitive","toExponential()"],"fullName":"BigIntPrimitive toExponential() big.js test: new Big(0.0000000123).toExponential() -> \"1.23e-8\"","status":"passed","title":"big.js test: new Big(0.0000000123).toExponential() -> \"1.23e-8\"","duration":0.39999999990686774,"failureMessages":[],"meta":{}},{"ancestorTitles":["BigIntPrimitive","toExponential()"],"fullName":"BigIntPrimitive toExponential() big.js test: new Big(0.0000000123).toExponential(1) -> \"1.2e-8\"","status":"passed","title":"big.js test: new Big(0.0000000123).toExponential(1) -> \"1.2e-8\"","duration":0.6000000000931323,"failureMessages":[],"meta":{}},{"ancestorTitles":["BigIntPrimitive","toExponential()"],"fullName":"BigIntPrimitive toExponential() big.js test: new Big(0.0000000123).toExponential(5) -> \"1.23000e-8\"","status":"passed","title":"big.js test: new Big(0.0000000123).toExponential(5) -> \"1.23000e-8\"","duration":0.39999999990686774,"failureMessages":[],"meta":{}},{"ancestorTitles":["BigIntPrimitive","toExponential()"],"fullName":"BigIntPrimitive toExponential() big.js test: new Big(999.999).toExponential(0) -> \"1e+3\"","status":"passed","title":"big.js test: new Big(999.999).toExponential(0) -> \"1e+3\"","duration":0.5,"failureMessages":[],"meta":{}},{"ancestorTitles":["BigIntPrimitive","toExponential()"],"fullName":"BigIntPrimitive toExponential() big.js test: new Big(999.999).toExponential(1) -> \"1.0e+3\"","status":"passed","title":"big.js test: new Big(999.999).toExponential(1) -> \"1.0e+3\"","duration":1.1999999997206032,"failureMessages":[],"meta":{}},{"ancestorTitles":["BigIntPrimitive","toExponential()"],"fullName":"BigIntPrimitive toExponential() big.js test: new Big(999.999).toExponential(2) -> \"1.00e+3\"","status":"passed","title":"big.js test: new Big(999.999).toExponential(2) -> \"1.00e+3\"","duration":1.1000000000931323,"failureMessages":[],"meta":{}},{"ancestorTitles":["BigIntPrimitive","toExponential()"],"fullName":"BigIntPrimitive toExponential() big.js test: new Big(0).toExponential(3) -> \"0.000e+0\"","status":"passed","title":"big.js test: new Big(0).toExponential(3) -> \"0.000e+0\"","duration":0.2999999998137355,"failureMessages":[],"meta":{}},{"ancestorTitles":["BigIntPrimitive","toExponential()"],"fullName":"BigIntPrimitive toExponential() big.js test: new Big(-0.5).toExponential(0) -> \"-5e-1\"","status":"passed","title":"big.js test: new Big(-0.5).toExponential(0) -> \"-5e-1\"","duration":0.20000000018626451,"failureMessages":[],"meta":{}},{"ancestorTitles":["BigIntPrimitive","toFixed()"],"fullName":"BigIntPrimitive toFixed() should format 45.6 to \"45.6\" with undefined dp (big.js x.toFixed())","status":"passed","title":"should format 45.6 to \"45.6\" with undefined dp (big.js x.toFixed())","duration":1,"failureMessages":[],"meta":{}},{"ancestorTitles":["BigIntPrimitive","toFixed()"],"fullName":"BigIntPrimitive toFixed() should format 45.6 to \"46\" with dp 0 (big.js x.toFixed(0))","status":"passed","title":"should format 45.6 to \"46\" with dp 0 (big.js x.toFixed(0))","duration":0.2999999998137355,"failureMessages":[],"meta":{}},{"ancestorTitles":["BigIntPrimitive","toFixed()"],"fullName":"BigIntPrimitive toFixed() should format 45.6 to \"45.600\" with dp 3 (big.js x.toFixed(3))","status":"passed","title":"should format 45.6 to \"45.600\" with dp 3 (big.js x.toFixed(3))","duration":0.10000000009313226,"failureMessages":[],"meta":{}},{"ancestorTitles":["BigIntPrimitive","toFixed()"],"fullName":"BigIntPrimitive toFixed() should format 1.23e+5 to \"123000\" with undefined dp (big.js y.toFixed())","status":"passed","title":"should format 1.23e+5 to \"123000\" with undefined dp (big.js y.toFixed())","duration":0.19999999972060323,"failureMessages":[],"meta":{}},{"ancestorTitles":["BigIntPrimitive","toFixed()"],"fullName":"BigIntPrimitive toFixed() should format 1.23e-5 to \"0.0000123\" with undefined dp (big.js z.toFixed())","status":"passed","title":"should format 1.23e-5 to \"0.0000123\" with undefined dp (big.js z.toFixed())","duration":0.10000000009313226,"failureMessages":[],"meta":{}},{"ancestorTitles":["BigIntPrimitive","toFixed()"],"fullName":"BigIntPrimitive toFixed() should format \"0\" to \"0\" with undefined dp","status":"passed","title":"should format \"0\" to \"0\" with undefined dp","duration":0.39999999990686774,"failureMessages":[],"meta":{}},{"ancestorTitles":["BigIntPrimitive","toFixed()"],"fullName":"BigIntPrimitive toFixed() should format \"0\" to \"0.00\" with dp 2","status":"passed","title":"should format \"0\" to \"0.00\" with dp 2","duration":0.10000000009313226,"failureMessages":[],"meta":{}},{"ancestorTitles":["BigIntPrimitive","toFixed()"],"fullName":"BigIntPrimitive toFixed() should format \"-0\" to \"0\" with undefined dp","status":"passed","title":"should format \"-0\" to \"0\" with undefined dp","duration":0.20000000018626451,"failureMessages":[],"meta":{}},{"ancestorTitles":["BigIntPrimitive","toFixed()"],"fullName":"BigIntPrimitive toFixed() should format \"-0\" to \"0.00\" with dp 2","status":"passed","title":"should format \"-0\" to \"0.00\" with dp 2","duration":0.10000000009313226,"failureMessages":[],"meta":{}},{"ancestorTitles":["BigIntPrimitive","toFixed()"],"fullName":"BigIntPrimitive toFixed() should format \"-45.6\" to \"-45.6\" with dp 1 (RM_HalfUp)","status":"passed","title":"should format \"-45.6\" to \"-45.6\" with dp 1 (RM_HalfUp)","duration":0.19999999972060323,"failureMessages":[],"meta":{}},{"ancestorTitles":["BigIntPrimitive","toFixed()"],"fullName":"BigIntPrimitive toFixed() should format \"-45.67\" to \"-45.7\" with dp 1 (RM_HalfUp)","status":"passed","title":"should format \"-45.67\" to \"-45.7\" with dp 1 (RM_HalfUp)","duration":0.3000000002793968,"failureMessages":[],"meta":{}},{"ancestorTitles":["BigIntPrimitive","toFixed()"],"fullName":"BigIntPrimitive toFixed() should format \"1.2345\" to \"1.23\" with dp 2 and roundDown","status":"passed","title":"should format \"1.2345\" to \"1.23\" with dp 2 and roundDown","duration":0.09999999962747097,"failureMessages":[],"meta":{}},{"ancestorTitles":["BigIntPrimitive","toFixed()"],"fullName":"BigIntPrimitive toFixed() should format \"1234567890123456789012\" to \"1234567890123456789012\" with dp 0","status":"passed","title":"should format \"1234567890123456789012\" to \"1234567890123456789012\" with dp 0","duration":0.3000000002793968,"failureMessages":[],"meta":{}},{"ancestorTitles":["BigIntPrimitive","toFixed()"],"fullName":"BigIntPrimitive toFixed() should format \"1234567890.123456789012\" to \"1234567890.123457\" with dp 6 (RM_HalfUp)","status":"passed","title":"should format \"1234567890.123456789012\" to \"1234567890.123457\" with dp 6 (RM_HalfUp)","duration":0.19999999972060323,"failureMessages":[],"meta":{}},{"ancestorTitles":["BigIntPrimitive","toFixed()"],"fullName":"BigIntPrimitive toFixed() should format \"123\" to \"123.00\" with dp 2","status":"passed","title":"should format \"123\" to \"123.00\" with dp 2","duration":0.40000000037252903,"failureMessages":[],"meta":{}},{"ancestorTitles":["BigIntPrimitive","toFixed()"],"fullName":"BigIntPrimitive toFixed() should use BigIntPrimitive.RM when rm is undefined","status":"passed","title":"should use BigIntPrimitive.RM when rm is undefined","duration":0.19999999972060323,"failureMessages":[],"meta":{}},{"ancestorTitles":["BigIntPrimitive","toFixed()"],"fullName":"BigIntPrimitive toFixed() should throw error for invalid dp","status":"passed","title":"should throw error for invalid dp","duration":1,"failureMessages":[],"meta":{}},{"ancestorTitles":["BigIntPrimitive","toFixed()"],"fullName":"BigIntPrimitive toFixed() should throw error for invalid rm","status":"passed","title":"should throw error for invalid rm","duration":0.39999999990686774,"failureMessages":[],"meta":{}},{"ancestorTitles":["BigIntPrimitive","toFixed()"],"fullName":"BigIntPrimitive toFixed() should format \"1e30\" to \"1000000000000000000000000000000.00\" with dp 2","status":"passed","title":"should format \"1e30\" to \"1000000000000000000000000000000.00\" with dp 2","duration":0.40000000037252903,"failureMessages":[],"meta":{}},{"ancestorTitles":["BigIntPrimitive","toFixed()"],"fullName":"BigIntPrimitive toFixed() should format \"1e-30\" to \"0.00000000000000000000000000000100\" with dp 32","status":"passed","title":"should format \"1e-30\" to \"0.00000000000000000000000000000100\" with dp 32","duration":0.2999999998137355,"failureMessages":[],"meta":{}},{"ancestorTitles":["BigIntPrimitive","toFixed()"],"fullName":"BigIntPrimitive toFixed() should format \"0.0000000000000000000000000000000000000000000000000123\" (50 zeros after point) to fixed with 53 dp","status":"passed","title":"should format \"0.0000000000000000000000000000000000000000000000000123\" (50 zeros after point) to fixed with 53 dp","duration":0.10000000009313226,"failureMessages":[],"meta":{}},{"ancestorTitles":["BigIntPrimitive","toFixed()"],"fullName":"BigIntPrimitive toFixed() should format \"123.4567\" to \"123\" for dp 0, roundDown","status":"passed","title":"should format \"123.4567\" to \"123\" for dp 0, roundDown","duration":0.10000000009313226,"failureMessages":[],"meta":{}},{"ancestorTitles":["BigIntPrimitive","toFixed()"],"fullName":"BigIntPrimitive toFixed() should format \"123.5\" to \"124\" for dp 0, roundHalfUp","status":"passed","title":"should format \"123.5\" to \"124\" for dp 0, roundHalfUp","duration":0.2999999998137355,"failureMessages":[],"meta":{}},{"ancestorTitles":["BigIntPrimitive","toFixed()"],"fullName":"BigIntPrimitive toFixed() should format \"122.5\" to \"122\" for dp 0, roundHalfEven","status":"passed","title":"should format \"122.5\" to \"122\" for dp 0, roundHalfEven","duration":0.20000000018626451,"failureMessages":[],"meta":{}},{"ancestorTitles":["BigIntPrimitive","toFixed()"],"fullName":"BigIntPrimitive toFixed() should format \"0.00000\" to \"0.00\" with dp 2","status":"passed","title":"should format \"0.00000\" to \"0.00\" with dp 2","duration":0.19999999972060323,"failureMessages":[],"meta":{}},{"ancestorTitles":["BigIntPrimitive","toFixed()"],"fullName":"BigIntPrimitive toFixed() should format \"-0.00000\" to \"0.00\" with dp 2","status":"passed","title":"should format \"-0.00000\" to \"0.00\" with dp 2","duration":0.20000000018626451,"failureMessages":[],"meta":{}},{"ancestorTitles":["BigIntPrimitive","toFixed()"],"fullName":"BigIntPrimitive toFixed() should format \"12345.000000000000000000000000000001\" (1e-30) to \"12345.00\" with dp 2","status":"passed","title":"should format \"12345.000000000000000000000000000001\" (1e-30) to \"12345.00\" with dp 2","duration":0.19999999972060323,"failureMessages":[],"meta":{}},{"ancestorTitles":["BigIntPrimitive.DP"],"fullName":"BigIntPrimitive.DP div() method should respect BigIntPrimitive.DP","status":"passed","title":"div() method should respect BigIntPrimitive.DP","duration":0.5,"failureMessages":[],"meta":{}},{"ancestorTitles":["BigIntPrimitive.DP"],"fullName":"BigIntPrimitive.DP sqrt() method should respect BigIntPrimitive.DP","status":"passed","title":"sqrt() method should respect BigIntPrimitive.DP","duration":1.900000000372529,"failureMessages":[],"meta":{}},{"ancestorTitles":["BigIntPrimitive.DP"],"fullName":"BigIntPrimitive.DP pow() method with negative exponent should respect BigIntPrimitive.DP","status":"passed","title":"pow() method with negative exponent should respect BigIntPrimitive.DP","duration":0.39999999990686774,"failureMessages":[],"meta":{}},{"ancestorTitles":["BigIntPrimitive.RM"],"fullName":"BigIntPrimitive.RM round() method should respect BigIntPrimitive.RM when no rm argument is passed","status":"passed","title":"round() method should respect BigIntPrimitive.RM when no rm argument is passed","duration":0.39999999990686774,"failureMessages":[],"meta":{}},{"ancestorTitles":["BigIntPrimitive.RM"],"fullName":"BigIntPrimitive.RM div() method should use BigIntPrimitive.RM by default","status":"passed","title":"div() method should use BigIntPrimitive.RM by default","duration":0.20000000018626451,"failureMessages":[],"meta":{}},{"ancestorTitles":["BigIntPrimitive.RM"],"fullName":"BigIntPrimitive.RM toExponential() method should use BigIntPrimitive.RM by default","status":"passed","title":"toExponential() method should use BigIntPrimitive.RM by default","duration":0.20000000018626451,"failureMessages":[],"meta":{}},{"ancestorTitles":["BigIntPrimitive.RM"],"fullName":"BigIntPrimitive.RM toFixed() method should use BigIntPrimitive.RM by default","status":"passed","title":"toFixed() method should use BigIntPrimitive.RM by default","duration":0.10000000009313226,"failureMessages":[],"meta":{}},{"ancestorTitles":["BigIntPrimitive.RM"],"fullName":"BigIntPrimitive.RM toPrecision() method should use BigIntPrimitive.RM by default","status":"passed","title":"toPrecision() method should use BigIntPrimitive.RM by default","duration":0.6999999997206032,"failureMessages":[],"meta":{}},{"ancestorTitles":["BigIntPrimitive.NE and BigIntPrimitive.PE"],"fullName":"BigIntPrimitive.NE and BigIntPrimitive.PE toString() should respect BigIntPrimitive.NE","status":"passed","title":"toString() should respect BigIntPrimitive.NE","duration":0.3000000002793968,"failureMessages":[],"meta":{}},{"ancestorTitles":["BigIntPrimitive.NE and BigIntPrimitive.PE"],"fullName":"BigIntPrimitive.NE and BigIntPrimitive.PE toString() should respect BigIntPrimitive.PE","status":"passed","title":"toString() should respect BigIntPrimitive.PE","duration":0.10000000009313226,"failureMessages":[],"meta":{}},{"ancestorTitles":["BigIntPrimitive.strict"],"fullName":"BigIntPrimitive.strict constructor should throw if strict is true and input is a number","status":"passed","title":"constructor should throw if strict is true and input is a number","duration":1,"failureMessages":[],"meta":{}},{"ancestorTitles":["BigIntPrimitive.strict"],"fullName":"BigIntPrimitive.strict toNumber() should throw for precision loss if strict is true","status":"passed","title":"toNumber() should throw for precision loss if strict is true","duration":0.599999999627471,"failureMessages":[],"meta":{}},{"ancestorTitles":["BigIntPrimitive.strict"],"fullName":"BigIntPrimitive.strict toNumber() should throw for non-finite numbers if strict is true","status":"passed","title":"toNumber() should throw for non-finite numbers if strict is true","duration":0.40000000037252903,"failureMessages":[],"meta":{}},{"ancestorTitles":["prec()"],"fullName":"prec() should correctly process prec(7, defaultRM) for \"123.456\" to be like \"123.456\" (big.js string)","status":"passed","title":"should correctly process prec(7, defaultRM) for \"123.456\" to be like \"123.456\" (big.js string)","duration":0.10000000009313226,"failureMessages":[],"meta":{}},{"ancestorTitles":["prec()"],"fullName":"prec() should correctly process prec(5, defaultRM) for \"123.456\" to be like \"123.46\" (big.js string)","status":"passed","title":"should correctly process prec(5, defaultRM) for \"123.456\" to be like \"123.46\" (big.js string)","duration":0.3000000002793968,"failureMessages":[],"meta":{}},{"ancestorTitles":["prec()"],"fullName":"prec() should correctly process prec(3, defaultRM) for \"123.456\" to be like \"123\" (big.js string)","status":"passed","title":"should correctly process prec(3, defaultRM) for \"123.456\" to be like \"123\" (big.js string)","duration":0.09999999962747097,"failureMessages":[],"meta":{}},{"ancestorTitles":["prec()"],"fullName":"prec() should correctly process prec(2, defaultRM) for \"123.456\" to be like \"120\" (big.js string)","status":"passed","title":"should correctly process prec(2, defaultRM) for \"123.456\" to be like \"120\" (big.js string)","duration":0.10000000009313226,"failureMessages":[],"meta":{}},{"ancestorTitles":["prec()"],"fullName":"prec() should correctly process prec(1, defaultRM) for \"123.456\" to be like \"100\" (big.js string)","status":"passed","title":"should correctly process prec(1, defaultRM) for \"123.456\" to be like \"100\" (big.js string)","duration":0.10000000009313226,"failureMessages":[],"meta":{}},{"ancestorTitles":["prec()"],"fullName":"prec() should correctly process prec(4, defaultRM) for \"0.0012345\" to be like \"0.001235\" (big.js string)","status":"passed","title":"should correctly process prec(4, defaultRM) for \"0.0012345\" to be like \"0.001235\" (big.js string)","duration":0.2999999998137355,"failureMessages":[],"meta":{}},{"ancestorTitles":["prec()"],"fullName":"prec() should correctly process prec(3, defaultRM) for \"0.0012345\" to be like \"0.00123\" (big.js string)","status":"passed","title":"should correctly process prec(3, defaultRM) for \"0.0012345\" to be like \"0.00123\" (big.js string)","duration":0.10000000009313226,"failureMessages":[],"meta":{}},{"ancestorTitles":["prec()"],"fullName":"prec() should correctly process prec(1, defaultRM) for \"0.0012345\" to be like \"0.001\" (big.js string)","status":"passed","title":"should correctly process prec(1, defaultRM) for \"0.0012345\" to be like \"0.001\" (big.js string)","duration":0.20000000018626451,"failureMessages":[],"meta":{}},{"ancestorTitles":["prec()"],"fullName":"prec() should correctly process prec(1, 1) for \"999.9\" to be like \"1000\" (big.js string)","status":"passed","title":"should correctly process prec(1, 1) for \"999.9\" to be like \"1000\" (big.js string)","duration":0.2999999998137355,"failureMessages":[],"meta":{}},{"ancestorTitles":["prec()"],"fullName":"prec() should correctly process prec(4, 1) for \"999.9\" to be like \"999.9\" (big.js string)","status":"passed","title":"should correctly process prec(4, 1) for \"999.9\" to be like \"999.9\" (big.js string)","duration":0.10000000009313226,"failureMessages":[],"meta":{}},{"ancestorTitles":["prec()"],"fullName":"prec() should correctly process prec(5, 1) for \"999.9\" to be like \"999.9\" (big.js string)","status":"passed","title":"should correctly process prec(5, 1) for \"999.9\" to be like \"999.9\" (big.js string)","duration":0,"failureMessages":[],"meta":{}},{"ancestorTitles":["prec()"],"fullName":"prec() should correctly process prec(3, 1) for \"-123.45\" to be like \"-123\" (big.js string)","status":"passed","title":"should correctly process prec(3, 1) for \"-123.45\" to be like \"-123\" (big.js string)","duration":0.20000000018626451,"failureMessages":[],"meta":{}},{"ancestorTitles":["prec()"],"fullName":"prec() should correctly process prec(2, 1) for \"-123.45\" to be like \"-120\" (big.js string)","status":"passed","title":"should correctly process prec(2, 1) for \"-123.45\" to be like \"-120\" (big.js string)","duration":0,"failureMessages":[],"meta":{}},{"ancestorTitles":["prec()"],"fullName":"prec() should correctly process prec(1, 2) for \"5.5\" to be like \"6\" (big.js string)","status":"passed","title":"should correctly process prec(1, 2) for \"5.5\" to be like \"6\" (big.js string)","duration":0.09999999962747097,"failureMessages":[],"meta":{}},{"ancestorTitles":["prec()"],"fullName":"prec() should correctly process prec(1, 2) for \"6.5\" to be like \"6\" (big.js string)","status":"passed","title":"should correctly process prec(1, 2) for \"6.5\" to be like \"6\" (big.js string)","duration":0.10000000009313226,"failureMessages":[],"meta":{}},{"ancestorTitles":["prec()"],"fullName":"prec() should correctly process prec(1, 1) for \"2.5\" to be like \"3\" (big.js string)","status":"passed","title":"should correctly process prec(1, 1) for \"2.5\" to be like \"3\" (big.js string)","duration":0.20000000018626451,"failureMessages":[],"meta":{}},{"ancestorTitles":["prec()"],"fullName":"prec() should correctly process prec(1, 0) for \"2.5\" to be like \"2\" (big.js string)","status":"passed","title":"should correctly process prec(1, 0) for \"2.5\" to be like \"2\" (big.js string)","duration":0.10000000009313226,"failureMessages":[],"meta":{}},{"ancestorTitles":["prec()"],"fullName":"prec() should correctly process prec(3, defaultRM) for \"0\" to be like \"0.00\" (big.js string)","status":"passed","title":"should correctly process prec(3, defaultRM) for \"0\" to be like \"0.00\" (big.js string)","duration":0,"failureMessages":[],"meta":{}},{"ancestorTitles":["prec()"],"fullName":"prec() should correctly process prec(2, defaultRM) for \"0.000\" to be like \"0.0\" (big.js string)","statu
[...]
toPrecision() should use BigIntPrimitive.RM if rm is undefined","status":"passed","title":"should use BigIntPrimitive.RM if rm is undefined","duration":0.19999999972060323,"failureMessages":[],"meta":{}},{"ancestorTitles":["toPrecision()"],"fullName":"toPrecision() NE/PE boundary conditions: 1e-7, sd=2","status":"passed","title":"NE/PE boundary conditions: 1e-7, sd=2","duration":0.20000000018626451,"failureMessages":[],"meta":{}},{"ancestorTitles":["toPrecision()"],"fullName":"toPrecision() NE/PE boundary conditions: 1.23e-7, sd=2 (force exp due to NE)","status":"passed","title":"NE/PE boundary conditions: 1.23e-7, sd=2 (force exp due to NE)","duration":0.19999999972060323,"failureMessages":[],"meta":{}},{"ancestorTitles":["toPrecision()"],"fullName":"toPrecision() NE/PE boundary conditions: 1e20, sd=21 (force fixed due to PE)","status":"passed","title":"NE/PE boundary conditions: 1e20, sd=21 (force fixed due to PE)","duration":0.20000000018626451,"failureMessages":[],"meta":{}},{"ancestorTitles":["toPrecision()"],"fullName":"toPrecision() NE/PE boundary conditions: 1e20, sd=22 (force exp due to sd)","status":"passed","title":"NE/PE boundary conditions: 1e20, sd=22 (force exp due to sd)","duration":0.10000000009313226,"failureMessages":[],"meta":{}},{"ancestorTitles":["BigIntPrimitive.divide() - big.js conformance"],"fullName":"BigIntPrimitive.divide() - big.js conformance should replicate big.js example: 355 / 113 with default DP (20)","status":"passed","title":"should replicate big.js example: 355 / 113 with default DP (20)","duration":0.2999999998137355,"failureMessages":[],"meta":{}},{"ancestorTitles":["BigIntPrimitive.divide() - big.js conformance"],"fullName":"BigIntPrimitive.divide() - big.js conformance should replicate big.js example: 355 / 113 with DP = 2","status":"passed","title":"should replicate big.js example: 355 / 113 with DP = 2","duration":0.20000000018626451,"failureMessages":[],"meta":{}},{"ancestorTitles":["BigIntPrimitive.divide() - big.js conformance"],"fullName":"BigIntPrimitive.divide() - big.js conformance should replicate big.js example: 355 / 113 with DP = 2 and RM = roundDown (0)","status":"passed","title":"should replicate big.js example: 355 / 113 with DP = 2 and RM = roundDown (0)","duration":0.09999999962747097,"failureMessages":[],"meta":{}},{"ancestorTitles":["BigIntPrimitive.divide() - big.js conformance"],"fullName":"BigIntPrimitive.divide() - big.js conformance should replicate big.js example: 1 / 3 with DP = 2 and RM = roundHalfUp (1)","status":"passed","title":"should replicate big.js example: 1 / 3 with DP = 2 and RM = roundHalfUp (1)","duration":0.10000000009313226,"failureMessages":[],"meta":{}},{"ancestorTitles":["BigIntPrimitive.divide() - big.js conformance"],"fullName":"BigIntPrimitive.divide() - big.js conformance should replicate big.js example: 2 / 3 with DP = 2 and RM = roundHalfUp (1)","status":"passed","title":"should replicate big.js example: 2 / 3 with DP = 2 and RM = roundHalfUp (1)","duration":0.10000000009313226,"failureMessages":[],"meta":{}},{"ancestorTitles":["BigIntPrimitive.divide() - big.js conformance"],"fullName":"BigIntPrimitive.divide() - big.js conformance should replicate big.js example: x.div(5) where result is integer","status":"passed","title":"should replicate big.js example: x.div(5) where result is integer","duration":0.39999999990686774,"failureMessages":[],"meta":{}},{"ancestorTitles":["BigIntPrimitive.divide() - big.js conformance"],"fullName":"BigIntPrimitive.divide() - big.js conformance division by integer, non-terminating, DP=5","status":"passed","title":"division by integer, non-terminating, DP=5","duration":0.19999999972060323,"failureMessages":[],"meta":{}},{"ancestorTitles":["BigIntPrimitive.divide() - big.js conformance"],"fullName":"BigIntPrimitive.divide() - big.js conformance division by integer, terminating, less than DP","status":"passed","title":"division by integer, terminating, less than DP","duration":0.3000000002793968,"failureMessages":[],"meta":{}},{"ancestorTitles":["BigIntPrimitive.divide() - big.js conformance"],"fullName":"BigIntPrimitive.divide() - big.js conformance division resulting in many zeros before rounding point, DP=2","status":"passed","title":"division resulting in many zeros before rounding point, DP=2","duration":0.10000000009313226,"failureMessages":[],"meta":{}},{"ancestorTitles":["BigIntPrimitive.divide() - big.js conformance"],"fullName":"BigIntPrimitive.divide() - big.js conformance division of 5 by 2, DP=0","status":"passed","title":"division of 5 by 2, DP=0","duration":0.09999999962747097,"failureMessages":[],"meta":{}},{"ancestorTitles":["BigIntPrimitive.divide() - big.js conformance"],"fullName":"BigIntPrimitive.divide() - big.js conformance division of 5 by 2, DP=1","status":"passed","title":"division of 5 by 2, DP=1","duration":0.20000000018626451,"failureMessages":[],"meta":{}}],"startTime":1751857041375,"endTime":1751857041554.3,"status":"passed","message":"","name":"/app/lib/bigint.test.js"},{"assertionResults":[{"ancestorTitles":["BigIntPrimitive WebGL Operations","add() - WebGL Path"],"fullName":"BigIntPrimitive WebGL Operations add() - WebGL Path should add \"123\" + \"456\" via WebGL (with actual GPU read attempt)","status":"skipped","title":"should add \"123\" + \"456\" via WebGL (with actual GPU read attempt)","failureMessages":[],"meta":{}},{"ancestorTitles":["BigIntPrimitive WebGL Operations","add() - WebGL Path"],"fullName":"BigIntPrimitive WebGL Operations add() - WebGL Path should add two larger BigIntPrimitives requiring multiple limbs using WebGL (e.g., \"8000\" + \"7000\" = \"15000\")","status":"skipped","title":"should add two larger BigIntPrimitives requiring multiple limbs using WebGL (e.g., \"8000\" + \"7000\" = \"15000\")","failureMessages":[],"meta":{}},{"ancestorTitles":["BigIntPrimitive WebGL Operations","add() - WebGL Path"],"fullName":"BigIntPrimitive WebGL Operations add() - WebGL Path should handle adding zero to a number using WebGL","status":"skipped","title":"should handle adding zero to a number using WebGL","failureMessages":[],"meta":{}},{"ancestorTitles":["BigIntPrimitive WebGL Operations","subtract() - WebGL Path"],"fullName":"BigIntPrimitive WebGL Operations subtract() - WebGL Path should subtract two positive single-limb numbers, no borrow (e.g., \"567\" - \"123\" = \"444\")","status":"skipped","title":"should subtract two positive single-limb numbers, no borrow (e.g., \"567\" - \"123\" = \"444\")","failureMessages":[],"meta":{}},{"ancestorTitles":["BigIntPrimitive WebGL Operations","subtract() - WebGL Path"],"fullName":"BigIntPrimitive WebGL Operations subtract() - WebGL Path should subtract with borrow (e.g., \"123\" - \"34\" = \"89\")","status":"skipped","title":"should subtract with borrow (e.g., \"123\" - \"34\" = \"89\")","failureMessages":[],"meta":{}},{"ancestorTitles":["BigIntPrimitive WebGL Operations","subtract() - WebGL Path"],"fullName":"BigIntPrimitive WebGL Operations subtract() - WebGL Path should handle subtracting to zero (e.g., \"123\" - \"123\" = \"0\")","status":"skipped","title":"should handle subtracting to zero (e.g., \"123\" - \"123\" = \"0\")","failureMessages":[],"meta":{}},{"ancestorTitles":["BigIntPrimitive WebGL Operations","subtract() - WebGL Path"],"fullName":"BigIntPrimitive WebGL Operations subtract() - WebGL Path should handle subtracting a larger number from a smaller one (e.g., \"100\" - \"200\" = \"-100\")","status":"skipped","title":"should handle subtracting a larger number from a smaller one (e.g., \"100\" - \"200\" = \"-100\")","failureMessages":[],"meta":{}},{"ancestorTitles":["BigIntPrimitive WebGL Operations","multiply() - WebGL Path (Simple Cases)"],"fullName":"BigIntPrimitive WebGL Operations multiply() - WebGL Path (Simple Cases) [_webgl_multiply_one_limb_by_bigint] should multiply limb 12 by BigInt \"3\" (Actual GPU)","status":"skipped","title":"[_webgl_multiply_one_limb_by_bigint] should multiply limb 12 by BigInt \"3\" (Actual GPU)","failureMessages":[],"meta":{}},{"ancestorTitles":["BigIntPrimitive WebGL Operations","multiply() - WebGL Path (Simple Cases)"],"fullName":"BigIntPrimitive WebGL Operations multiply() - WebGL Path (Simple Cases) should multiply with one number being zero using WebGL (e.g., \"123\" * \"0\" = \"0\")","status":"skipped","title":"should multiply with one number being zero using WebGL (e.g., \"123\" * \"0\" = \"0\")","failureMessages":[],"meta":{}},{"ancestorTitles":["BigIntPrimitive WebGL Operations","multiply() - WebGL Path (Simple Cases)"],"fullName":"BigIntPrimitive WebGL Operations multiply() - WebGL Path (Simple Cases) should multiply two single-digit numbers using WebGL (e.g., \"7\" * \"8\" = \"56\")","status":"skipped","title":"should multiply two single-digit numbers using WebGL (e.g., \"7\" * \"8\" = \"56\")","failureMessages":[],"meta":{}},{"ancestorTitles":["BigIntPrimitive WebGL Operations","multiply() - WebGL Path (_webgl_multiply_full integration)"],"fullName":"BigIntPrimitive WebGL Operations multiply() - WebGL Path (_webgl_multiply_full integration) should multiply a large number by 0, expecting 0 (WebGL path)","status":"skipped","title":"should multiply a large number by 0, expecting 0 (WebGL path)","failureMessages":[],"meta":{}},{"ancestorTitles":["BigIntPrimitive WebGL Operations","multiply() - WebGL Path (_webgl_multiply_full integration)"],"fullName":"BigIntPrimitive WebGL Operations multiply() - WebGL Path (_webgl_multiply_full integration) should multiply a large number by 1, expecting the number itself (WebGL path)","status":"skipped","title":"should multiply a large number by 1, expecting the number itself (WebGL path)","failureMessages":[],"meta":{}},{"ancestorTitles":["BigIntPrimitive WebGL Operations","multiply() - WebGL Path (_webgl_multiply_full integration)"],"fullName":"BigIntPrimitive WebGL Operations multiply() - WebGL Path (_webgl_multiply_full integration) should multiply \"7\" by \"8\" (WebGL path, specific debug case)","status":"skipped","title":"should multiply \"7\" by \"8\" (WebGL path, specific debug case)","failureMessages":[],"meta":{}},{"ancestorTitles":["BigIntPrimitive WebGL Operations","multiply() - WebGL Path (_webgl_multiply_full integration)"],"fullName":"BigIntPrimitive WebGL Operations multiply() - WebGL Path (_webgl_multiply_full integration) should multiply \"10000\" by \"1\" (WebGL path, base case)","status":"skipped","title":"should multiply \"10000\" by \"1\" (WebGL path, base case)","failureMessages":[],"meta":{}},{"ancestorTitles":["BigIntPrimitive WebGL Operations","multiply() - WebGL Path (_webgl_multiply_full integration)"],"fullName":"BigIntPrimitive WebGL Operations multiply() - WebGL Path (_webgl_multiply_full integration) should multiply \"100000001\" by \"5\" (WebGL path, multi-limb A, single-limb B)","status":"skipped","title":"should multiply \"100000001\" by \"5\" (WebGL path, multi-limb A, single-limb B)","failureMessages":[],"meta":{}},{"ancestorTitles":["BigIntPrimitive WebGL Operations","multiply() - WebGL Path (_webgl_multiply_full integration)"],"fullName":"BigIntPrimitive WebGL Operations multiply() - WebGL Path (_webgl_multiply_full integration) should multiply \"9999\" by \"9999\" (WebGL path, single limb * single limb, max values, generates two-limb result)","status":"skipped","title":"should multiply \"9999\" by \"9999\" (WebGL path, single limb * single limb, max values, generates two-limb result)","failureMessages":[],"meta":{}},{"ancestorTitles":["BigIntPrimitive WebGL Operations","multiply() - WebGL Path (_webgl_multiply_full integration)"],"fullName":"BigIntPrimitive WebGL Operations multiply() - WebGL Path (_webgl_multiply_full integration) should multiply \"12345\" by \"6789\" (WebGL path, multi-limb * multi-limb)","status":"skipped","title":"should multiply \"12345\" by \"6789\" (WebGL path, multi-limb * multi-limb)","failureMessages":[],"meta":{}},{"ancestorTitles":["BigIntPrimitive WebGL Operations","multiply() - WebGL Path (_webgl_multiply_full integration)"],"fullName":"BigIntPrimitive WebGL Operations multiply() - WebGL Path (_webgl_multiply_full integration) should multiply two large multi-limb numbers (WebGL path)","status":"failed","title":"should multiply two large multi-limb numbers (WebGL path)","duration":558.7000000001863,"failureMessages":["AssertionError: Expected WebGL path, but it fell back to CPU. Warnings:\n[BigInt.multiply] WebGL multiplication not viable: INTERNAL_ERROR_IN_WEBGL_MULTIPLY_FULL: parameter validation failed. Original: WEBGL_CAPABILITY_ERROR: OES_texture_float extension not supported. Required by createDataTexture.. Falling back to CPU.: expected true to be false // Object.is equality\n    at http://localhost:63315/app/lib/bigint.webgl.test.js?import&browserv=1751857040835:466:101\n    at http://localhost:63315/node_modules/@vitest/runner/dist/chunk-hooks.js?v=9cb219be:155:11\n    at http://localhost:63315/node_modules/@vitest/runner/dist/chunk-hooks.js?v=9cb219be:752:26\n    at http://localhost:63315/node_modules/@vitest/runner/dist/chunk-hooks.js?v=9cb219be:1897:20\n    at new Promise (<anonymous>)\n    at runWithTimeout (http://localhost:63315/node_modules/@vitest/runner/dist/chunk-hooks.js?v=9cb219be:1863:10)\n    at runTest (http://localhost:63315/node_modules/@vitest/runner/dist/chunk-hooks.js?v=9cb219be:1574:12)\n    at async runSuite (http://localhost:63315/node_modules/@vitest/runner/dist/chunk-hooks.js?v=9cb219be:1729:8)\n    at async runSuite (http://localhost:63315/node_modules/@vitest/runner/dist/chunk-hooks.js?v=9cb219be:1729:8)\n    at async runSuite (http://localhost:63315/node_modules/@vitest/runner/dist/chunk-hooks.js?v=9cb219be:1729:8)"],"meta":{"failScreenshotPath":"/app/lib/__screenshots__/bigint.webgl.test.js/BigIntPrimitive-WebGL-Operations-multiply-----WebGL-Path---webgl-multiply-full-integration--should-multiply-two-large-multi-limb-numbers--WebGL-path--1.png"}},{"ancestorTitles":["BigIntPrimitive WebGL Operations","multiply() - WebGL Path (_webgl_multiply_full integration)"],"fullName":"BigIntPrimitive WebGL Operations multiply() - WebGL Path (_webgl_multiply_full integration) should correctly multiply when result is very large, involving many carries (e.g. \"99999999\" * \"99999999\") (WebGL path)","status":"skipped","title":"should correctly multiply when result is very large, involving many carries (e.g. \"99999999\" * \"99999999\") (WebGL path)","failureMessages":[],"meta":{}},{"ancestorTitles":["BigIntPrimitive WebGL Operations","divide() - WebGL Path"],"fullName":"BigIntPrimitive WebGL Operations divide() - WebGL Path should divide \"10\" by \"2\" using WebGL path","status":"skipped","title":"should divide \"10\" by \"2\" using WebGL path","failureMessages":[],"meta":{}},{"ancestorTitles":["BigIntPrimitive WebGL Operations","divide() - WebGL Path"],"fullName":"BigIntPrimitive WebGL Operations divide() - WebGL Path should divide \"1\" by \"3\" using WebGL path (repeating fraction)","status":"skipped","title":"should divide \"1\" by \"3\" using WebGL path (repeating fraction)","failureMessages":[],"meta":{}},{"ancestorTitles":["BigIntPrimitive WebGL Operations","divide() - WebGL Path"],"fullName":"BigIntPrimitive WebGL Operations divide() - WebGL Path should divide \"200000\" by \"0.5\" using WebGL path","status":"skipped","title":"should divide \"200000\" by \"0.5\" using WebGL path","failureMessages":[],"meta":{}},{"ancestorTitles":["BigIntPrimitive WebGL Operations","divide() - WebGL Path"],"fullName":"BigIntPrimitive WebGL Operations divide() - WebGL Path should divide \"0.0001\" by \"100\" using WebGL path","status":"skipped","title":"should divide \"0.0001\" by \"100\" using WebGL path","failureMessages":[],"meta":{}},{"ancestorTitles":["BigIntPrimitive WebGL Operations","divide() - WebGL Path"],"fullName":"BigIntPrimitive WebGL Operations divide() - WebGL Path should perform division with negative numbers \" -10 / 2 = -5 \" using WebGL path","status":"skipped","title":"should perform division with negative numbers \" -10 / 2 = -5 \" using WebGL path","failureMessages":[],"meta":{}},{"ancestorTitles":["BigIntPrimitive WebGL Operations","divide() - WebGL Path"],"fullName":"BigIntPrimitive WebGL Operations divide() - WebGL Path should perform division \" 7 / 8 = 0.875 \" with specific DP using WebGL path","status":"skipped","title":"should perform division \" 7 / 8 = 0.875 \" with specific DP using WebGL path","failureMessages":[],"meta":{}},{"ancestorTitles":["BigIntPrimitive WebGL Operations","divide() - WebGL Path"],"fullName":"BigIntPrimitive WebGL Operations divide() - WebGL Path should perform division \" 1 / 8000 = 0.000125 \" (small result) using WebGL path","status":"skipped","title":"should perform division \" 1 / 8000 = 0.000125 \" (small result) using WebGL path","failureMessages":[],"meta":{}}],"startTime":1751857041426,"endTime":1751857041984.7,"status":"failed","message":"","name":"/app/lib/bigint.webgl.test.js"},{"assertionResults":[{"ancestorTitles":["Simple Test Suite"],"fullName":"Simple Test Suite should pass a basic truthiness test","status":"passed","title":"should pass a basic truthiness test","duration":0.40000000037252903,"failureMessages":[],"meta":{}},{"ancestorTitles":["Simple Test Suite"],"fullName":"Simple Test Suite should perform basic addition","status":"passed","title":"should perform basic addition","duration":0.19999999972060323,"failureMessages":[],"meta":{}}],"startTime":1751857042420,"endTime":1751857042421.2,"status":"passed","message":"","name":"/app/lib/simple.test.js"},{"assertionResults":[{"ancestorTitles":[],"fullName":"Minimal check for 1e20.toPrecision(21)","status":"passed","title":"Minimal check for 1e20.toPrecision(21)","duration":1.7000000001862645,"failureMessages":[],"meta":{}},{"ancestorTitles":[],"fullName":"Minimal check for 1e20.toPrecision(22)","status":"passed","title":"Minimal check for 1e20.toPrecision(22)","duration":0.7999999998137355,"failureMessages":[],"meta":{}}],"startTime":1751857042346,"endTime":1751857042348.8,"status":"passed","message":"","name":"/app/lib/temp-precision-check.test.js"},{"assertionResults":[{"ancestorTitles":["App Component"],"fullName":"App Component renders initial UI elements correctly","status":"passed","title":"renders initial UI elements correctly","duration":149.60000000009313,"failureMessages":[],"meta":{}},{"ancestorTitles":["App Component"],"fullName":"App Component performs simple addition (WebGL Path) and displays result","status":"passed","title":"performs simple addition (WebGL Path) and displays result","duration":340.8000000002794,"failureMessages":[],"meta":{}},{"ancestorTitles":["App Component"],"fullName":"App Component performs simple multiplication (WebGL Path) and displays result","status":"passed","title":"performs simple multiplication (WebGL Path) and displays result","duration":198.39999999990687,"failureMessages":[],"meta":{}},{"ancestorTitles":["App Component"],"fullName":"App Component performs simple subtraction (CPU Path) and displays result","status":"passed","title":"performs simple subtraction (CPU Path) and displays result","duration":185.1999999997206,"failureMessages":[],"meta":{}},{"ancestorTitles":["App Component"],"fullName":"App Component handles error for invalid input","status":"passed","title":"handles error for invalid input","duration":102,"failureMessages":[],"meta":{}},{"ancestorTitles":["App Component"],"fullName":"App Component handles division by zero error","status":"passed","title":"handles division by zero error","duration":154.70000000018626,"failureMessages":[],"meta":{}},{"ancestorTitles":["App Component"],"fullName":"App Component should polyfill BigInt if not available when polyfills.js is imported","status":"passed","title":"should polyfill BigInt if not available when polyfills.js is imported","duration":13.199999999720603,"failureMessages":[],"meta":{}}],"startTime":1751857041802,"endTime":1751857042946.2,"status":"passed","message":"","name":"/app/src/App.test.jsx"}]}