{"numTotalTestSuites":7,"numPassedTestSuites":4,"numFailedTestSuites":3,"numPendingTestSuites":0,"numTotalTests":26,"numPassedTests":21,"numFailedTests":5,"numPendingTests":0,"numTodoTests":0,"snapshot":{"added":0,"failure":false,"filesAdded":0,"filesRemoved":0,"filesRemovedList":[],"filesUnmatched":0,"filesUpdated":0,"matched":0,"total":0,"unchecked":0,"uncheckedKeysByFile":[],"unmatched":0,"updated":0,"didUpdate":false},"startTime":1751825339839,"success":false,"testResults":[{"assertionResults":[{"ancestorTitles":["BigIntPrimitive WebGL Operations","add() - WebGL Path"],"fullName":"BigIntPrimitive WebGL Operations add() - WebGL Path should add \"123\" + \"456\" via WebGL (with actual GPU read attempt)","status":"passed","title":"should add \"123\" + \"456\" via WebGL (with actual GPU read attempt)","duration":120.90000000037253,"failureMessages":[],"meta":{}},{"ancestorTitles":["BigIntPrimitive WebGL Operations","add() - WebGL Path"],"fullName":"BigIntPrimitive WebGL Operations add() - WebGL Path should add two larger BigIntPrimitives requiring multiple limbs using WebGL (e.g., \"8000\" + \"7000\" = \"15000\")","status":"passed","title":"should add two larger BigIntPrimitives requiring multiple limbs using WebGL (e.g., \"8000\" + \"7000\" = \"15000\")","duration":51.200000000186265,"failureMessages":[],"meta":{}},{"ancestorTitles":["BigIntPrimitive WebGL Operations","add() - WebGL Path"],"fullName":"BigIntPrimitive WebGL Operations add() - WebGL Path should handle adding zero to a number using WebGL","status":"passed","title":"should handle adding zero to a number using WebGL","duration":1.5,"failureMessages":[],"meta":{}},{"ancestorTitles":["BigIntPrimitive WebGL Operations","subtract() - WebGL Path"],"fullName":"BigIntPrimitive WebGL Operations subtract() - WebGL Path should subtract two positive single-limb numbers, no borrow (e.g., \"567\" - \"123\" = \"444\")","status":"passed","title":"should subtract two positive single-limb numbers, no borrow (e.g., \"567\" - \"123\" = \"444\")","duration":28.799999999813735,"failureMessages":[],"meta":{}},{"ancestorTitles":["BigIntPrimitive WebGL Operations","subtract() - WebGL Path"],"fullName":"BigIntPrimitive WebGL Operations subtract() - WebGL Path should subtract with borrow (e.g., \"123\" - \"34\" = \"89\")","status":"passed","title":"should subtract with borrow (e.g., \"123\" - \"34\" = \"89\")","duration":30.799999999813735,"failureMessages":[],"meta":{}},{"ancestorTitles":["BigIntPrimitive WebGL Operations","subtract() - WebGL Path"],"fullName":"BigIntPrimitive WebGL Operations subtract() - WebGL Path should handle subtracting to zero (e.g., \"123\" - \"123\" = \"0\")","status":"passed","title":"should handle subtracting to zero (e.g., \"123\" - \"123\" = \"0\")","duration":24,"failureMessages":[],"meta":{}},{"ancestorTitles":["BigIntPrimitive WebGL Operations","subtract() - WebGL Path"],"fullName":"BigIntPrimitive WebGL Operations subtract() - WebGL Path should handle subtracting a larger number from a smaller one (e.g., \"100\" - \"200\" = \"-100\")","status":"passed","title":"should handle subtracting a larger number from a smaller one (e.g., \"100\" - \"200\" = \"-100\")","duration":108.89999999990687,"failureMessages":[],"meta":{}},{"ancestorTitles":["BigIntPrimitive WebGL Operations","multiply() - WebGL Path (Simple Cases)"],"fullName":"BigIntPrimitive WebGL Operations multiply() - WebGL Path (Simple Cases) [_webgl_multiply_one_limb_by_bigint] should multiply limb 12 by BigInt \"3\" (Actual GPU)","status":"passed","title":"[_webgl_multiply_one_limb_by_bigint] should multiply limb 12 by BigInt \"3\" (Actual GPU)","duration":70.39999999990687,"failureMessages":[],"meta":{}},{"ancestorTitles":["BigIntPrimitive WebGL Operations","multiply() - WebGL Path (Simple Cases)"],"fullName":"BigIntPrimitive WebGL Operations multiply() - WebGL Path (Simple Cases) should multiply with one number being zero using WebGL (e.g., \"123\" * \"0\" = \"0\")","status":"passed","title":"should multiply with one number being zero using WebGL (e.g., \"123\" * \"0\" = \"0\")","duration":1.8000000002793968,"failureMessages":[],"meta":{}},{"ancestorTitles":["BigIntPrimitive WebGL Operations","multiply() - WebGL Path (Simple Cases)"],"fullName":"BigIntPrimitive WebGL Operations multiply() - WebGL Path (Simple Cases) should multiply two single-digit numbers using WebGL (e.g., \"7\" * \"8\" = \"56\")","status":"passed","title":"should multiply two single-digit numbers using WebGL (e.g., \"7\" * \"8\" = \"56\")","duration":65.5,"failureMessages":[],"meta":{}},{"ancestorTitles":["BigIntPrimitive WebGL Operations","multiply() - WebGL Path (_webgl_multiply_full integration)"],"fullName":"BigIntPrimitive WebGL Operations multiply() - WebGL Path (_webgl_multiply_full integration) should multiply a large number by 0, expecting 0 (WebGL path)","status":"passed","title":"should multiply a large number by 0, expecting 0 (WebGL path)","duration":3.6999999997206032,"failureMessages":[],"meta":{}},{"ancestorTitles":["BigIntPrimitive WebGL Operations","multiply() - WebGL Path (_webgl_multiply_full integration)"],"fullName":"BigIntPrimitive WebGL Operations multiply() - WebGL Path (_webgl_multiply_full integration) should multiply a large number by 1, expecting the number itself (WebGL path)","status":"passed","title":"should multiply a large number by 1, expecting the number itself (WebGL path)","duration":190.70000000018626,"failureMessages":[],"meta":{}},{"ancestorTitles":["BigIntPrimitive WebGL Operations","multiply() - WebGL Path (_webgl_multiply_full integration)"],"fullName":"BigIntPrimitive WebGL Operations multiply() - WebGL Path (_webgl_multiply_full integration) should multiply \"7\" by \"8\" (WebGL path, specific debug case)","status":"failed","title":"should multiply \"7\" by \"8\" (WebGL path, specific debug case)","duration":355.5,"failureMessages":["AssertionError: expected '0' to be '56' // Object.is equality\n    at http://localhost:63315/app/lib/bigint.webgl.test.js?import&browserv=1751825342754:304:33\n    at http://localhost:63315/node_modules/@vitest/runner/dist/chunk-hooks.js?v=9cb219be:155:11\n    at http://localhost:63315/node_modules/@vitest/runner/dist/chunk-hooks.js?v=9cb219be:752:26\n    at http://localhost:63315/node_modules/@vitest/runner/dist/chunk-hooks.js?v=9cb219be:1897:20\n    at new Promise (<anonymous>)\n    at runWithTimeout (http://localhost:63315/node_modules/@vitest/runner/dist/chunk-hooks.js?v=9cb219be:1863:10)\n    at runTest (http://localhost:63315/node_modules/@vitest/runner/dist/chunk-hooks.js?v=9cb219be:1574:12)\n    at async runSuite (http://localhost:63315/node_modules/@vitest/runner/dist/chunk-hooks.js?v=9cb219be:1729:8)\n    at async runSuite (http://localhost:63315/node_modules/@vitest/runner/dist/chunk-hooks.js?v=9cb219be:1729:8)\n    at async runSuite (http://localhost:63315/node_modules/@vitest/runner/dist/chunk-hooks.js?v=9cb219be:1729:8)"],"meta":{"failScreenshotPath":"/app/lib/__screenshots__/bigint.webgl.test.js/BigIntPrimitive-WebGL-Operations-multiply-----WebGL-Path---webgl-multiply-full-integration--should-multiply--7--by--8---WebGL-path--specific-debug-case--1.png"}},{"ancestorTitles":["BigIntPrimitive WebGL Operations","multiply() - WebGL Path (_webgl_multiply_full integration)"],"fullName":"BigIntPrimitive WebGL Operations multiply() - WebGL Path (_webgl_multiply_full integration) should multiply \"10000\" by \"1\" (WebGL path, base case)","status":"failed","title":"should multiply \"10000\" by \"1\" (WebGL path, base case)","duration":222.60000000009313,"failureMessages":["AssertionError: expected '0' to be '10000' // Object.is equality\n    at http://localhost:63315/app/lib/bigint.webgl.test.js?import&browserv=1751825342754:342:33\n    at http://localhost:63315/node_modules/@vitest/runner/dist/chunk-hooks.js?v=9cb219be:155:11\n    at http://localhost:63315/node_modules/@vitest/runner/dist/chunk-hooks.js?v=9cb219be:752:26\n    at http://localhost:63315/node_modules/@vitest/runner/dist/chunk-hooks.js?v=9cb219be:1897:20\n    at new Promise (<anonymous>)\n    at runWithTimeout (http://localhost:63315/node_modules/@vitest/runner/dist/chunk-hooks.js?v=9cb219be:1863:10)\n    at runTest (http://localhost:63315/node_modules/@vitest/runner/dist/chunk-hooks.js?v=9cb219be:1574:12)\n    at async runSuite (http://localhost:63315/node_modules/@vitest/runner/dist/chunk-hooks.js?v=9cb219be:1729:8)\n    at async runSuite (http://localhost:63315/node_modules/@vitest/runner/dist/chunk-hooks.js?v=9cb219be:1729:8)\n    at async runSuite (http://localhost:63315/node_modules/@vitest/runner/dist/chunk-hooks.js?v=9cb219be:1729:8)"],"meta":{"failScreenshotPath":"/app/lib/__screenshots__/bigint.webgl.test.js/BigIntPrimitive-WebGL-Operations-multiply-----WebGL-Path---webgl-multiply-full-integration--should-multiply--10000--by--1---WebGL-path--base-case--1.png"}},{"ancestorTitles":["BigIntPrimitive WebGL Operations","multiply() - WebGL Path (_webgl_multiply_full integration)"],"fullName":"BigIntPrimitive WebGL Operations multiply() - WebGL Path (_webgl_multiply_full integration) should multiply \"100000001\" by \"5\" (WebGL path, multi-limb A, single-limb B)","status":"passed","title":"should multiply \"100000001\" by \"5\" (WebGL path, multi-limb A, single-limb B)","duration":122.20000000018626,"failureMessages":[],"meta":{}},{"ancestorTitles":["BigIntPrimitive WebGL Operations","multiply() - WebGL Path (_webgl_multiply_full integration)"],"fullName":"BigIntPrimitive WebGL Operations multiply() - WebGL Path (_webgl_multiply_full integration) should multiply \"9999\" by \"9999\" (WebGL path, single limb * single limb, max values, generates two-limb result)","status":"failed","title":"should multiply \"9999\" by \"9999\" (WebGL path, single limb * single limb, max values, generates two-limb result)","duration":217.79999999981374,"failureMessages":["AssertionError: expected '0' to be '99980001' // Object.is equality\n    at http://localhost:63315/app/lib/bigint.webgl.test.js?import&browserv=1751825342754:389:33\n    at http://localhost:63315/node_modules/@vitest/runner/dist/chunk-hooks.js?v=9cb219be:155:11\n    at http://localhost:63315/node_modules/@vitest/runner/dist/chunk-hooks.js?v=9cb219be:752:26\n    at http://localhost:63315/node_modules/@vitest/runner/dist/chunk-hooks.js?v=9cb219be:1897:20\n    at new Promise (<anonymous>)\n    at runWithTimeout (http://localhost:63315/node_modules/@vitest/runner/dist/chunk-hooks.js?v=9cb219be:1863:10)\n    at runTest (http://localhost:63315/node_modules/@vitest/runner/dist/chunk-hooks.js?v=9cb219be:1574:12)\n    at async runSuite (http://localhost:63315/node_modules/@vitest/runner/dist/chunk-hooks.js?v=9cb219be:1729:8)\n    at async runSuite (http://localhost:63315/node_modules/@vitest/runner/dist/chunk-hooks.js?v=9cb219be:1729:8)\n    at async runSuite (http://localhost:63315/node_modules/@vitest/runner/dist/chunk-hooks.js?v=9cb219be:1729:8)"],"meta":{"failScreenshotPath":"/app/lib/__screenshots__/bigint.webgl.test.js/BigIntPrimitive-WebGL-Operations-multiply-----WebGL-Path---webgl-multiply-full-integration--should-multiply--9999--by--9999---WebGL-path--single-limb---single-limb--max-values--generates-two-limb-result--1.png"}},{"ancestorTitles":["BigIntPrimitive WebGL Operations","multiply() - WebGL Path (_webgl_multiply_full integration)"],"fullName":"BigIntPrimitive WebGL Operations multiply() - WebGL Path (_webgl_multiply_full integration) should multiply \"12345\" by \"6789\" (WebGL path, multi-limb * multi-limb)","status":"passed","title":"should multiply \"12345\" by \"6789\" (WebGL path, multi-limb * multi-limb)","duration":134,"failureMessages":[],"meta":{}},{"ancestorTitles":["BigIntPrimitive WebGL Operations","multiply() - WebGL Path (_webgl_multiply_full integration)"],"fullName":"BigIntPrimitive WebGL Operations multiply() - WebGL Path (_webgl_multiply_full integration) should multiply two large multi-limb numbers (WebGL path)","status":"failed","title":"should multiply two large multi-limb numbers (WebGL path)","duration":225.70000000018626,"failureMessages":["AssertionError: expected false to be true // Object.is equality\n    at http://localhost:63315/app/lib/bigint.webgl.test.js?import&browserv=1751825342754:439:41\n    at http://localhost:63315/node_modules/@vitest/runner/dist/chunk-hooks.js?v=9cb219be:155:11\n    at http://localhost:63315/node_modules/@vitest/runner/dist/chunk-hooks.js?v=9cb219be:752:26\n    at http://localhost:63315/node_modules/@vitest/runner/dist/chunk-hooks.js?v=9cb219be:1897:20\n    at new Promise (<anonymous>)\n    at runWithTimeout (http://localhost:63315/node_modules/@vitest/runner/dist/chunk-hooks.js?v=9cb219be:1863:10)\n    at runTest (http://localhost:63315/node_modules/@vitest/runner/dist/chunk-hooks.js?v=9cb219be:1574:12)\n    at async runSuite (http://localhost:63315/node_modules/@vitest/runner/dist/chunk-hooks.js?v=9cb219be:1729:8)\n    at async runSuite (http://localhost:63315/node_modules/@vitest/runner/dist/chunk-hooks.js?v=9cb219be:1729:8)\n    at async runSuite (http://localhost:63315/node_modules/@vitest/runner/dist/chunk-hooks.js?v=9cb219be:1729:8)"],"meta":{"failScreenshotPath":"/app/lib/__screenshots__/bigint.webgl.test.js/BigIntPrimitive-WebGL-Operations-multiply-----WebGL-Path---webgl-multiply-full-integration--should-multiply-two-large-multi-limb-numbers--WebGL-path--1.png"}},{"ancestorTitles":["BigIntPrimitive WebGL Operations","multiply() - WebGL Path (_webgl_multiply_full integration)"],"fullName":"BigIntPrimitive WebGL Operations multiply() - WebGL Path (_webgl_multiply_full integration) should correctly multiply when result is very large, involving many carries (e.g. \"99999999\" * \"99999999\") (WebGL path)","status":"failed","title":"should correctly multiply when result is very large, involving many carries (e.g. \"99999999\" * \"99999999\") (WebGL path)","duration":216.89999999990687,"failureMessages":["AssertionError: expected '0' to be '9999999800000001' // Object.is equality\n    at http://localhost:63315/app/lib/bigint.webgl.test.js?import&browserv=1751825342754:461:33\n    at http://localhost:63315/node_modules/@vitest/runner/dist/chunk-hooks.js?v=9cb219be:155:11\n    at http://localhost:63315/node_modules/@vitest/runner/dist/chunk-hooks.js?v=9cb219be:752:26\n    at http://localhost:63315/node_modules/@vitest/runner/dist/chunk-hooks.js?v=9cb219be:1897:20\n    at new Promise (<anonymous>)\n    at runWithTimeout (http://localhost:63315/node_modules/@vitest/runner/dist/chunk-hooks.js?v=9cb219be:1863:10)\n    at runTest (http://localhost:63315/node_modules/@vitest/runner/dist/chunk-hooks.js?v=9cb219be:1574:12)\n    at async runSuite (http://localhost:63315/node_modules/@vitest/runner/dist/chunk-hooks.js?v=9cb219be:1729:8)\n    at async runSuite (http://localhost:63315/node_modules/@vitest/runner/dist/chunk-hooks.js?v=9cb219be:1729:8)\n    at async runSuite (http://localhost:63315/node_modules/@vitest/runner/dist/chunk-hooks.js?v=9cb219be:1729:8)"],"meta":{"failScreenshotPath":"/app/lib/__screenshots__/bigint.webgl.test.js/BigIntPrimitive-WebGL-Operations-multiply-----WebGL-Path---webgl-multiply-full-integration--should-correctly-multiply-when-result-is-very-large--involving-many-carries--e-g---99999999-----99999999----WebGL-path--1.png"}},{"ancestorTitles":["BigIntPrimitive WebGL Operations","divide() - WebGL Path"],"fullName":"BigIntPrimitive WebGL Operations divide() - WebGL Path should divide \"10\" by \"2\" using WebGL path","status":"passed","title":"should divide \"10\" by \"2\" using WebGL path","duration":58.299999999813735,"failureMessages":[],"meta":{}},{"ancestorTitles":["BigIntPrimitive WebGL Operations","divide() - WebGL Path"],"fullName":"BigIntPrimitive WebGL Operations divide() - WebGL Path should divide \"1\" by \"3\" using WebGL path (repeating fraction)","status":"passed","title":"should divide \"1\" by \"3\" using WebGL path (repeating fraction)","duration":85.39999999990687,"failureMessages":[],"meta":{}},{"ancestorTitles":["BigIntPrimitive WebGL Operations","divide() - WebGL Path"],"fullName":"BigIntPrimitive WebGL Operations divide() - WebGL Path should divide \"200000\" by \"0.5\" using WebGL path","status":"passed","title":"should divide \"200000\" by \"0.5\" using WebGL path","duration":44.39999999990687,"failureMessages":[],"meta":{}},{"ancestorTitles":["BigIntPrimitive WebGL Operations","divide() - WebGL Path"],"fullName":"BigIntPrimitive WebGL Operations divide() - WebGL Path should divide \"0.0001\" by \"100\" using WebGL path","status":"passed","title":"should divide \"0.0001\" by \"100\" using WebGL path","duration":44.90000000037253,"failureMessages":[],"meta":{}},{"ancestorTitles":["BigIntPrimitive WebGL Operations","divide() - WebGL Path"],"fullName":"BigIntPrimitive WebGL Operations divide() - WebGL Path should perform division with negative numbers \" -10 / 2 = -5 \" using WebGL path","status":"passed","title":"should perform division with negative numbers \" -10 / 2 = -5 \" using WebGL path","duration":43.89999999990687,"failureMessages":[],"meta":{}},{"ancestorTitles":["BigIntPrimitive WebGL Operations","divide() - WebGL Path"],"fullName":"BigIntPrimitive WebGL Operations divide() - WebGL Path should perform division \" 7 / 8 = 0.875 \" with specific DP using WebGL path","status":"passed","title":"should perform division \" 7 / 8 = 0.875 \" with specific DP using WebGL path","duration":46.5,"failureMessages":[],"meta":{}},{"ancestorTitles":["BigIntPrimitive WebGL Operations","divide() - WebGL Path"],"fullName":"BigIntPrimitive WebGL Operations divide() - WebGL Path should perform division \" 1 / 8000 = 0.000125 \" (small result) using WebGL path","status":"passed","title":"should perform division \" 1 / 8000 = 0.000125 \" (small result) using WebGL path","duration":50.700000000186265,"failureMessages":[],"meta":{}}],"startTime":1751825342992,"endTime":1751825345562.7,"status":"failed","message":"","name":"/app/lib/bigint.webgl.test.js"}]}